Pager usage is off.
============================================================
Запрос 1. Ответственные более чем за один секретный документ заданной степени
Параметр: заданная степень секретности = секретно
============================================================
 responsible_employee | secret_documents_count 
----------------------+------------------------
 Сотрудник_А          |                      2
(1 row)

============================================================
Запрос 2. Документы, срок окончания действия которых НЕ входит в перечень заданных месяцев
Параметры: год = 2025, месяцы = май, июнь, июль
============================================================
 document_number | responsible_employee | effective_until | effective_until_month 
-----------------+----------------------+-----------------+-----------------------
 DOC-003         | Сотрудник_Б          | 2025-03-01      |                     3
 DOC-008         | Сотрудник_Д          | 2025-08-01      |                     8
 DOC-010         | Сотрудник_Г          | 2025-10-01      |                    10
(3 rows)

============================================================
Запрос 3. Сотрудники, совершившие с каким-либо документом все возможные операции,
или ответственные за документы без собственных операций
Параметр: перечень возможных операций = создание, проверка, согласование
============================================================
 employee_name 
---------------
 Сотрудник_А
 Сотрудник_В
 Сотрудник_Г
(3 rows)

