Pager usage is off.
Timing is on.
=== ЛР-4. Шаг 4: влияние B-tree индекса на SELECT ===
SET
Time: 0.643 ms
DROP TABLE
Time: 3.414 ms
DROP TABLE
Time: 25.038 ms
DROP TABLE
Time: 35.229 ms
CREATE TABLE
Time: 5.137 ms
CREATE TABLE
Time: 4.585 ms
CREATE INDEX
Time: 3.665 ms
CREATE TABLE
Time: 8.146 ms
CREATE FUNCTION
Time: 2.746 ms
CREATE FUNCTION
Time: 1.486 ms
=== 4.1. Запуск серий SELECT по размерам таблицы ===
psql:sql/03_select_index.sql:151: NOTICE:  Running SELECT size 10000
psql:sql/03_select_index.sql:151: NOTICE:  Running SELECT size 50000
psql:sql/03_select_index.sql:151: NOTICE:  Running SELECT size 100000
psql:sql/03_select_index.sql:151: NOTICE:  Running SELECT size 500000
psql:sql/03_select_index.sql:151: NOTICE:  Running SELECT size 1000000
DO
Time: 56827.835 ms (00:56.828)
=== 4.2. EXPLAIN без индекса, 1 000 000 строк ===
                                                          QUERY PLAN                                                           
-------------------------------------------------------------------------------------------------------------------------------
 Gather  (cost=1000.00..16518.43 rows=1 width=33) (actual time=36.263..39.690 rows=1 loops=1)
   Workers Planned: 2
   Workers Launched: 2
   Buffers: shared hit=3126 read=7184 dirtied=7185 written=7184
   ->  Parallel Seq Scan on select_no_index  (cost=0.00..15518.33 rows=1 width=33) (actual time=31.542..33.612 rows=0 loops=3)
         Filter: (lookup_key = 777777)
         Rows Removed by Filter: 333333
         Buffers: shared hit=3126 read=7184 dirtied=7185 written=7184
 Planning:
   Buffers: shared hit=16 read=5 written=5
 Planning Time: 0.125 ms
 Execution Time: 39.698 ms
(12 rows)

Time: 40.695 ms
=== 4.3. EXPLAIN с B-tree индексом, 1 000 000 строк ===
                                                                   QUERY PLAN                                                                    
-------------------------------------------------------------------------------------------------------------------------------------------------
 Index Scan using idx_select_btree_lookup_key on select_btree_index  (cost=0.42..8.44 rows=1 width=33) (actual time=0.015..0.016 rows=1 loops=1)
   Index Cond: (lookup_key = 777777)
   Buffers: shared hit=7
 Planning:
   Buffers: shared hit=28 dirtied=1
 Planning Time: 0.115 ms
 Execution Time: 0.023 ms
(7 rows)

Time: 0.778 ms
=== 4.4. Итоговая таблица SELECT ===
  index_state  | rows_before | runs | probes_min | probes_max | found_rows_min | found_rows_max | avg_elapsed_ms | min_elapsed_ms | max_elapsed_ms | stddev_elapsed_ms 
---------------+-------------+------+------------+------------+----------------+----------------+----------------+----------------+----------------+-------------------
 without_index |       10000 |    5 |        200 |        200 |            200 |            200 |       0.477121 |       0.419535 |       0.569840 |          0.060355
 btree_index   |       10000 |    5 |        200 |        200 |            200 |            200 |       0.023026 |       0.017361 |       0.028671 |          0.005256
 without_index |       50000 |    5 |        200 |        200 |            200 |            200 |       2.221902 |       2.061130 |       2.367665 |          0.122124
 btree_index   |       50000 |    5 |        200 |        200 |            200 |            200 |       0.018843 |       0.016436 |       0.025076 |          0.003608
 without_index |      100000 |    5 |        200 |        200 |            200 |            200 |       4.728057 |       4.417710 |       4.863986 |          0.184362
 btree_index   |      100000 |    5 |        200 |        200 |            200 |            200 |       0.028619 |       0.023530 |       0.036470 |          0.005846
 without_index |      500000 |    5 |        200 |        200 |            200 |            200 |      16.372911 |      16.012715 |      16.989625 |          0.422620
 btree_index   |      500000 |    5 |        200 |        200 |            200 |            200 |       0.019627 |       0.018265 |       0.020420 |          0.000916
 without_index |     1000000 |    5 |        200 |        200 |            200 |            200 |      25.714324 |      24.909905 |      26.006965 |          0.457225
 btree_index   |     1000000 |    5 |        200 |        200 |            200 |            200 |       0.017823 |       0.016790 |       0.018934 |          0.001023
(10 rows)

Time: 1.324 ms
=== 4.5. Проверка корректности SELECT ===
  index_state  | tested_table_sizes | total_runs | probes_min | probes_max | found_rows_min | found_rows_max |                 check_result                 
---------------+--------------------+------------+------------+------------+----------------+----------------+----------------------------------------------
 btree_index   |                  5 |         25 |        200 |        200 |            200 |            200 | OK: every SELECT probe found exactly one row
 without_index |                  5 |         25 |        200 |        200 |            200 |            200 | OK: every SELECT probe found exactly one row
(2 rows)

Time: 0.758 ms
=== 4.6. Размеры таблиц SELECT ===
     table_name     | relation_bytes | relation_size | indexes_bytes | indexes_size | total_bytes | total_size 
--------------------+----------------+---------------+---------------+--------------+-------------+------------
 select_btree_index |       84459520 | 81 MB         |      22487040 | 21 MB        |   106995712 | 102 MB
 select_no_index    |       84459520 | 81 MB         |             0 | 0 bytes      |    84508672 | 81 MB
(2 rows)

Time: 1.255 ms
=== Шаг 4 SQL завершен ===
