=== Row counts ===
select_no_index=1000000
select_btree_index=1000000
=== Measurement groups ===
btree_index | rows=10000 | runs=5 | probes=200..200 | found=200..200 | avg_ms=0.023026
without_index | rows=10000 | runs=5 | probes=200..200 | found=200..200 | avg_ms=0.477121
btree_index | rows=50000 | runs=5 | probes=200..200 | found=200..200 | avg_ms=0.018843
without_index | rows=50000 | runs=5 | probes=200..200 | found=200..200 | avg_ms=2.221902
btree_index | rows=100000 | runs=5 | probes=200..200 | found=200..200 | avg_ms=0.028619
without_index | rows=100000 | runs=5 | probes=200..200 | found=200..200 | avg_ms=4.728057
btree_index | rows=500000 | runs=5 | probes=200..200 | found=200..200 | avg_ms=0.019627
without_index | rows=500000 | runs=5 | probes=200..200 | found=200..200 | avg_ms=16.372911
btree_index | rows=1000000 | runs=5 | probes=200..200 | found=200..200 | avg_ms=0.017823
without_index | rows=1000000 | runs=5 | probes=200..200 | found=200..200 | avg_ms=25.714324
=== Correctness check ===
btree_index | sizes=5 | total_runs=25 | probes=200..200 | found=200..200 | OK
without_index | sizes=5 | total_runs=25 | probes=200..200 | found=200..200 | OK
=== Expected files ===
-rwxrwxrwx 1 root root 102K May  3 22:31 charts/03_select_index.png
-rwxrwxrwx 1 root root 5.7K May  3 22:31 logs/03_select_index.log
-rwxrwxrwx 1 root root  102 May  3 22:31 logs/04_export_select_index.log
-rwxrwxrwx 1 root root  888 May  3 22:31 report/03_select_index_measurements.csv
-rwxrwxrwx 1 root root  135 May  3 22:31 report/03_select_index_sizes.csv
