Pager usage is off.
Timing is on.
=== ЛР-4. Шаг 5: влияние индексов на INSERT ===
SET
Time: 1.009 ms
DROP TABLE
Time: 7.571 ms
DROP TABLE
Time: 5.429 ms
DROP TABLE
Time: 4.641 ms
DROP TABLE
Time: 2.925 ms
DROP TABLE
Time: 2.575 ms
DROP TABLE
Time: 5.713 ms
DROP FUNCTION
Time: 2.685 ms
DROP FUNCTION
Time: 1.413 ms
DROP FUNCTION
Time: 1.238 ms
CREATE TABLE
Time: 8.536 ms
CREATE FUNCTION
Time: 3.505 ms
CREATE TABLE
Time: 3.909 ms
CREATE TABLE
Time: 3.707 ms
CREATE TABLE
Time: 4.034 ms
CREATE TABLE
Time: 3.806 ms
CREATE TABLE
Time: 3.865 ms
CREATE INDEX
Time: 3.723 ms
CREATE INDEX
Time: 3.484 ms
CREATE INDEX
Time: 3.997 ms
CREATE INDEX
Time: 3.600 ms
CREATE FUNCTION
Time: 1.988 ms
CREATE FUNCTION
Time: 1.647 ms
=== 5.1. Запуск серий INSERT по размерам таблицы ===
psql:sql/04_insert_indexes.sql:194: NOTICE:  Running INSERT size 10000
psql:sql/04_insert_indexes.sql:194: NOTICE:  Running INSERT size 50000
psql:sql/04_insert_indexes.sql:194: NOTICE:  Running INSERT size 100000
psql:sql/04_insert_indexes.sql:194: NOTICE:  Running INSERT size 500000
psql:sql/04_insert_indexes.sql:194: NOTICE:  Running INSERT size 1000000
DO
Time: 52095.931 ms (00:52.096)
=== 5.2. Итоговая таблица INSERT ===
    index_type    | rows_base | runs | batch_size_min | batch_size_max | inserted_rows_min | inserted_rows_max | avg_total_elapsed_ms | min_total_elapsed_ms | max_total_elapsed_ms | stddev_total_elapsed_ms | avg_elapsed_ms_per_row 
------------------+-----------+------+----------------+----------------+-------------------+-------------------+----------------------+----------------------+----------------------+-------------------------+------------------------
 no_index         |     10000 |    6 |           1000 |           1000 |              1000 |              1000 |                2.832 |                2.506 |                3.542 |                   0.453 |               0.002832
 simple_btree     |     10000 |    6 |           1000 |           1000 |              1000 |              1000 |                3.691 |                3.169 |                5.134 |                   0.719 |               0.003691
 unique_btree     |     10000 |    6 |           1000 |           1000 |              1000 |              1000 |                4.803 |                3.019 |               12.269 |                   3.669 |               0.004803
 expression_index |     10000 |    6 |           1000 |           1000 |              1000 |              1000 |                9.231 |                5.711 |               17.595 |                   4.600 |               0.009231
 function_index   |     10000 |    6 |           1000 |           1000 |              1000 |              1000 |                5.716 |                5.412 |                6.085 |                   0.301 |               0.005716
 no_index         |     50000 |    6 |           1000 |           1000 |              1000 |              1000 |                3.498 |                2.879 |                4.558 |                   0.672 |               0.003498
 simple_btree     |     50000 |    6 |           1000 |           1000 |              1000 |              1000 |                4.885 |                3.554 |               10.852 |                   2.927 |               0.004885
 unique_btree     |     50000 |    6 |           1000 |           1000 |              1000 |              1000 |                4.014 |                3.263 |                6.706 |                   1.325 |               0.004014
 expression_index |     50000 |    6 |           1000 |           1000 |              1000 |              1000 |                5.910 |                5.526 |                6.431 |                   0.325 |               0.005910
 function_index   |     50000 |    6 |           1000 |           1000 |              1000 |              1000 |                6.622 |                5.935 |                8.148 |                   0.866 |               0.006622
 no_index         |    100000 |    6 |           1000 |           1000 |              1000 |              1000 |                3.133 |                2.441 |                4.509 |                   0.976 |               0.003133
 simple_btree     |    100000 |    6 |           1000 |           1000 |              1000 |              1000 |                4.124 |                3.951 |                4.295 |                   0.151 |               0.004124
 unique_btree     |    100000 |    6 |           1000 |           1000 |              1000 |              1000 |                5.070 |                3.225 |               10.065 |                   2.698 |               0.005070
 expression_index |    100000 |    6 |           1000 |           1000 |              1000 |              1000 |                5.888 |                5.256 |                8.221 |                   1.153 |               0.005888
 function_index   |    100000 |    6 |           1000 |           1000 |              1000 |              1000 |               12.162 |                6.825 |               18.673 |                   5.144 |               0.012162
 no_index         |    500000 |    6 |           1000 |           1000 |              1000 |              1000 |                3.951 |                2.584 |                4.930 |                   0.903 |               0.003951
 simple_btree     |    500000 |    6 |           1000 |           1000 |              1000 |              1000 |                5.534 |                4.412 |                6.656 |                   0.953 |               0.005534
 unique_btree     |    500000 |    6 |           1000 |           1000 |              1000 |              1000 |                3.198 |                3.028 |                3.588 |                   0.232 |               0.003198
 expression_index |    500000 |    6 |           1000 |           1000 |              1000 |              1000 |                6.847 |                5.478 |               11.138 |                   2.240 |               0.006847
 function_index   |    500000 |    6 |           1000 |           1000 |              1000 |              1000 |                8.503 |                6.971 |               10.770 |                   1.417 |               0.008503
 no_index         |   1000000 |    6 |           1000 |           1000 |              1000 |              1000 |                3.497 |                2.640 |                5.016 |                   1.049 |               0.003497
 simple_btree     |   1000000 |    6 |           1000 |           1000 |              1000 |              1000 |                5.148 |                4.264 |                6.651 |                   0.846 |               0.005148
 unique_btree     |   1000000 |    6 |           1000 |           1000 |              1000 |              1000 |                4.800 |                3.377 |                7.743 |                   1.632 |               0.004800
 expression_index |   1000000 |    6 |           1000 |           1000 |              1000 |              1000 |               10.359 |                6.077 |               16.347 |                   4.344 |               0.010359
 function_index   |   1000000 |    6 |           1000 |           1000 |              1000 |              1000 |                9.800 |                7.624 |               14.010 |                   2.343 |               0.009800
(25 rows)

Time: 1.851 ms
=== 5.3. Проверка корректности INSERT ===
    index_type    | tested_table_sizes | total_runs | batch_size_min | batch_size_max | inserted_rows_min | inserted_rows_max |                 check_result                  
------------------+--------------------+------------+----------------+----------------+-------------------+-------------------+-----------------------------------------------
 expression_index |                  5 |         30 |           1000 |           1000 |              1000 |              1000 | OK: every INSERT batch inserted expected rows
 function_index   |                  5 |         30 |           1000 |           1000 |              1000 |              1000 | OK: every INSERT batch inserted expected rows
 no_index         |                  5 |         30 |           1000 |           1000 |              1000 |              1000 | OK: every INSERT batch inserted expected rows
 simple_btree     |                  5 |         30 |           1000 |           1000 |              1000 |              1000 | OK: every INSERT batch inserted expected rows
 unique_btree     |                  5 |         30 |           1000 |           1000 |              1000 |              1000 | OK: every INSERT batch inserted expected rows
(5 rows)

Time: 1.006 ms
=== 5.4. Размеры таблиц INSERT после финального размера ===
       table_name        | relation_bytes | relation_size | indexes_bytes | indexes_size | total_bytes | total_size 
-------------------------+----------------+---------------+---------------+--------------+-------------+------------
 insert_expression_index |      142073856 | 135 MB        |      11288576 | 11 MB        |   153427968 | 146 MB
 insert_function_index   |      142073856 | 135 MB        |      76791808 | 73 MB        |   218931200 | 209 MB
 insert_no_index         |      142073856 | 135 MB        |             0 | 0 bytes      |   142139392 | 136 MB
 insert_simple_btree     |      142073856 | 135 MB        |       9650176 | 9424 kB      |   151789568 | 145 MB
 insert_unique_btree     |      142073856 | 135 MB        |      22618112 | 22 MB        |   164757504 | 157 MB
(5 rows)

Time: 2.311 ms
=== Шаг 5 SQL завершен ===
