saved:
  /mnt/c/Users/Georgul/Documents/8_sem/SUBD/Lab4_clean/report/12_dense_dependency_fits_filtered_from_50.csv
  /mnt/c/Users/Georgul/Documents/8_sem/SUBD/Lab4_clean/report/12_dense_dependency_formulas_filtered_from_50.txt
  charts/12_fit_filtered_*.png

Лучшие зависимости по AICc, fit N >= 50:
operation_name                 index_type                       metric      model_name                                                           formula            r2          rmse  mape_percent
        insert           expression_index avg_elapsed_ms_per_operation            sqrt                           y = 0.00653173 + 0.00961319·sqrt(N/1e6)  4.416708e-01      0.002259     26.372255
        insert             function_index avg_elapsed_ms_per_operation log_plus_linear          y = 0.00917946 + -6.662196e-04·ln(N) + 0.0106507·(N/1e6)  4.624273e-01      0.001464     22.987945
        insert                   no_index avg_elapsed_ms_per_operation           power                                        y = 0.00704975·N^-0.136972  4.979154e-01      0.001360     23.177722
        insert               simple_btree avg_elapsed_ms_per_operation log_plus_linear          y = 0.00904776 + -6.989623e-04·ln(N) + 0.0223217·(N/1e6)  8.355254e-01      0.000986     18.801084
        insert               unique_btree avg_elapsed_ms_per_operation           power                                        y = 0.00781958·N^-0.065527  3.264857e-01      0.001760     20.375067
        insert           expression_index         avg_total_elapsed_ms     logarithmic                                      y = -5.28059 + 1.33953·ln(N)  8.378891e-01      1.696037     26.662613
        insert             function_index         avg_total_elapsed_ms     logarithmic                                    y = -0.755798 + 0.415821·ln(N)  7.169309e-01      0.752116     38.531498
        insert                   no_index         avg_total_elapsed_ms     logarithmic                                        y = 0.444484 + 0.113·ln(N)  3.330363e-01      0.460312     37.584465
        insert               simple_btree         avg_total_elapsed_ms log_plus_linear                  y = -0.112594 + 0.287685·ln(N) + 13.1907·(N/1e6)  9.144846e-01      0.768092     36.736528
        insert               unique_btree         avg_total_elapsed_ms     logarithmic                                    y = -0.271684 + 0.390386·ln(N)  6.884560e-01      0.755938     35.841838
        select   btree_index_nonclustered avg_elapsed_ms_per_operation            sqrt                              y = 0.0345474 + 0.101342·sqrt(N/1e6)  6.702364e-01      0.014856     25.379838
        select without_index_nonclustered avg_elapsed_ms_per_operation       quadratic               y = -0.15011 + 65.2381·(N/1e6) + -57.3533·(N/1e6)^2  9.954260e-01      0.377225    189.979796
        select   btree_index_nonclustered         avg_total_elapsed_ms            sqrt                                 y = 6.90948 + 20.2684·sqrt(N/1e6)  6.702364e-01      2.971222     25.379839
        select without_index_nonclustered         avg_total_elapsed_ms       quadratic      y = -30.022 + 1.304762e+04·(N/1e6) + -1.147065e+04·(N/1e6)^2  9.954260e-01     75.444941    189.979794
   size_insert           expression_index                indexes_bytes       quadratic y = 4.280168e+04 + 3.156190e+07·(N/1e6) + -3.637539e+07·(N/1e6)^2  9.970366e-01 119240.036420     57.775936
   size_insert             function_index                indexes_bytes       quadratic  y = 2.888143e+04 + 7.091821e+06·(N/1e6) + 4.928869e+05·(N/1e6)^2  9.997938e-01  14780.518355     25.624354
   size_insert                   no_index                indexes_bytes        constant                                                            y = -0  1.000000e+00      0.000000           NaN
   size_insert               simple_btree                indexes_bytes       quadratic  y = 2.916511e+04 + 7.032351e+06·(N/1e6) + 5.785332e+05·(N/1e6)^2  9.997733e-01  15456.144101     25.953228
   size_insert               unique_btree                indexes_bytes          linear                           y = 1.713057e+04 + 2.248216e+07·(N/1e6)  9.999987e-01   3639.185311      6.883762
   size_insert           expression_index               relation_bytes log_plus_linear          y = 3.767038e+04 + -7310.65·ln(N) + 8.302191e+07·(N/1e6)  9.999984e-01  14806.627622     13.932031
   size_insert             function_index               relation_bytes log_plus_linear          y = 3.767038e+04 + -7310.65·ln(N) + 8.302191e+07·(N/1e6)  9.999984e-01  14806.627622     13.932031
   size_insert                   no_index               relation_bytes log_plus_linear          y = 3.767038e+04 + -7310.65·ln(N) + 8.302191e+07·(N/1e6)  9.999984e-01  14806.627622     13.932031
   size_insert               simple_btree               relation_bytes log_plus_linear          y = 3.767038e+04 + -7310.65·ln(N) + 8.302191e+07·(N/1e6)  9.999984e-01  14806.627622     13.932031
   size_insert               unique_btree               relation_bytes log_plus_linear          y = 3.767038e+04 + -7310.65·ln(N) + 8.302191e+07·(N/1e6)  9.999984e-01  14806.627622     13.932031
   size_insert           expression_index                  total_bytes       quadratic y = 5.630786e+04 + 1.143522e+08·(N/1e6) + -3.604258e+07·(N/1e6)^2  9.999154e-01 126683.367382     18.649714
   size_insert             function_index                  total_bytes       quadratic  y = 4.238761e+04 + 8.988213e+07·(N/1e6) + 8.256978e+05·(N/1e6)^2  9.999982e-01  17148.136249     12.299054
   size_insert                   no_index                  total_bytes          linear                           y = 1.074186e+04 + 8.294316e+07·(N/1e6)  9.999972e-01  19565.948034     10.102660
   size_insert               simple_btree                  total_bytes       quadratic  y = 4.267129e+04 + 8.982266e+07·(N/1e6) + 9.113440e+05·(N/1e6)^2  9.999982e-01  16945.330549     12.361938
   size_insert               unique_btree                  total_bytes          linear                           y = 2.787243e+04 + 1.054253e+08·(N/1e6)  9.999985e-01  18023.876949      7.164967
   size_select   btree_index_nonclustered                indexes_bytes          linear                           y = 1.713057e+04 + 2.248216e+07·(N/1e6)  9.999987e-01   3639.185311      6.883762
   size_select without_index_nonclustered                indexes_bytes        constant                                                            y = -0  1.000000e+00      0.000000           NaN
   size_select   btree_index_nonclustered               relation_bytes          linear                               y = -1038.07 + 6.819421e+07·(N/1e6)  9.999999e-01   3086.311104      8.538860
   size_select without_index_nonclustered               relation_bytes          linear                               y = -1038.07 + 6.819421e+07·(N/1e6)  9.999999e-01   3086.311104      8.538860
   size_select   btree_index_nonclustered                  total_bytes log_plus_linear           y = 2.096576e+04 + 3078.03·ln(N) + 9.066478e+07·(N/1e6)  9.999997e-01   6474.155287      5.835081
   size_select without_index_nonclustered                  total_bytes log_plus_linear                y = 9239.62 + 2324.28·ln(N) + 6.818793e+07·(N/1e6)  9.999997e-01   5310.412337     10.341209
   size_update           expression_index                indexes_bytes log_plus_linear     y = -9.696345e+04 + 2.546916e+04·ln(N) + 2.896025e+07·(N/1e6)  9.999745e-01  20831.496652     19.592866
   size_update             function_index                indexes_bytes log_plus_linear     y = -1.985928e+05 + 4.330140e+04·ln(N) + 2.897114e+07·(N/1e6)  9.998999e-01  41656.089972     37.037286
   size_update             no_extra_index                indexes_bytes          linear                           y = 1.713057e+04 + 2.248216e+07·(N/1e6)  9.999987e-01   3639.185311      6.883762
   size_update               simple_btree                indexes_bytes log_plus_linear     y = -1.985928e+05 + 4.330140e+04·ln(N) + 2.897114e+07·(N/1e6)  9.998999e-01  41656.089972     37.037286
   size_update               unique_btree                indexes_bytes          linear                           y = 3.426114e+04 + 4.496432e+07·(N/1e6)  9.999987e-01   7278.370623      6.883762
   size_update           expression_index               relation_bytes          linear                                y = 4586.01 + 8.445048e+07·(N/1e6)  1.000000e+00   2111.643417      3.114805
   size_update             function_index               relation_bytes          linear                                y = 4586.01 + 8.445048e+07·(N/1e6)  1.000000e+00   2111.643417      3.114805
   size_update             no_extra_index               relation_bytes          linear                                y = 4586.01 + 8.445048e+07·(N/1e6)  1.000000e+00   2111.643417      3.114805
   size_update               simple_btree               relation_bytes          linear                                y = 4586.01 + 8.445048e+07·(N/1e6)  1.000000e+00   2111.643417      3.114805
   size_update               unique_btree               relation_bytes          linear                                y = 4586.01 + 8.445048e+07·(N/1e6)  1.000000e+00   2111.643417      3.114805
   size_update           expression_index                  total_bytes log_plus_linear     y = -7.014473e+04 + 2.651210e+04·ln(N) + 1.134161e+08·(N/1e6)  9.999984e-01  20081.731034      6.535166
   size_update             function_index                  total_bytes log_plus_linear     y = -1.717741e+05 + 4.434433e+04·ln(N) + 1.134270e+08·(N/1e6)  9.999940e-01  39140.668947     15.491376
   size_update             no_extra_index                  total_bytes          linear                           y = 5.173124e+04 + 1.069532e+08·(N/1e6)  9.999997e-01   8483.398705      7.574950
   size_update               simple_btree                  total_bytes log_plus_linear     y = -1.717741e+05 + 4.434433e+04·ln(N) + 1.134270e+08·(N/1e6)  9.999940e-01  39140.668947     15.491376
   size_update               unique_btree                  total_bytes          linear                           y = 6.886181e+04 + 1.294354e+08·(N/1e6)  9.999996e-01  11047.215511      6.189946
        update           expression_index avg_elapsed_ms_per_operation        constant                                                     y = 0.0169456  0.000000e+00      0.003832     16.835582
        update             function_index avg_elapsed_ms_per_operation        constant                                                     y = 0.0182804  0.000000e+00      0.003913     17.716070
        update             no_extra_index avg_elapsed_ms_per_operation        constant                                                      y = 0.014864  1.110223e-16      0.002830     14.774754
        update               simple_btree avg_elapsed_ms_per_operation        constant                                                      y = 0.017115 -2.220446e-16      0.004024     16.077855
        update               unique_btree avg_elapsed_ms_per_operation        constant                                                     y = 0.0163687  0.000000e+00      0.002869     15.699856
        update           expression_index         avg_total_elapsed_ms     logarithmic                                      y = -0.45133 + 1.55808·ln(N)  4.298082e-01      5.165765     95.506203
        update             function_index         avg_total_elapsed_ms log_plus_linear                   y = -6.53688 + 2.54455·ln(N) + -22.8503·(N/1e6)  6.835917e-01      3.760560     58.666008
        update             no_extra_index         avg_total_elapsed_ms log_plus_linear                   y = -5.95231 + 2.18179·ln(N) + -21.7822·(N/1e6)  6.133512e-01      3.682196     48.548909
        update               simple_btree         avg_total_elapsed_ms     logarithmic                                      y = -3.28813 + 1.82282·ln(N)  7.441998e-01      3.076234     47.334094
        update               unique_btree         avg_total_elapsed_ms     logarithmic                                     y = -0.538934 + 1.51364·ln(N)  4.872062e-01      4.469997     92.433458
