Pager usage is off.
Timing is on.
SET
Time: 7.027 ms
SET
Time: 0.687 ms
SET
Time: 1.439 ms
TRUNCATE TABLE
Time: 6.208 ms
CREATE FUNCTION
Time: 9.208 ms
=== FIXED UPDATE without lookup index: dense sizes under 1M ===
psql:sql/09b_update_no_lookup_index_control_fixed.sql:94: NOTICE:  FIXED UPDATE no lookup index size 10
psql:sql/09b_update_no_lookup_index_control_fixed.sql:94: NOTICE:  FIXED UPDATE no lookup index size 25
psql:sql/09b_update_no_lookup_index_control_fixed.sql:94: NOTICE:  FIXED UPDATE no lookup index size 50
psql:sql/09b_update_no_lookup_index_control_fixed.sql:94: NOTICE:  FIXED UPDATE no lookup index size 100
psql:sql/09b_update_no_lookup_index_control_fixed.sql:94: NOTICE:  FIXED UPDATE no lookup index size 250
psql:sql/09b_update_no_lookup_index_control_fixed.sql:94: NOTICE:  FIXED UPDATE no lookup index size 500
psql:sql/09b_update_no_lookup_index_control_fixed.sql:94: NOTICE:  FIXED UPDATE no lookup index size 1000
psql:sql/09b_update_no_lookup_index_control_fixed.sql:94: NOTICE:  FIXED UPDATE no lookup index size 2500
psql:sql/09b_update_no_lookup_index_control_fixed.sql:94: NOTICE:  FIXED UPDATE no lookup index size 5000
psql:sql/09b_update_no_lookup_index_control_fixed.sql:94: NOTICE:  FIXED UPDATE no lookup index size 10000
psql:sql/09b_update_no_lookup_index_control_fixed.sql:94: NOTICE:  FIXED UPDATE no lookup index size 25000
psql:sql/09b_update_no_lookup_index_control_fixed.sql:94: NOTICE:  FIXED UPDATE no lookup index size 50000
psql:sql/09b_update_no_lookup_index_control_fixed.sql:94: NOTICE:  FIXED UPDATE no lookup index size 100000
psql:sql/09b_update_no_lookup_index_control_fixed.sql:94: NOTICE:  FIXED UPDATE no lookup index size 250000
psql:sql/09b_update_no_lookup_index_control_fixed.sql:94: NOTICE:  FIXED UPDATE no lookup index size 500000
DO
Time: 4516.998 ms (00:04.517)
=== FIXED UPDATE no lookup index summary ===
 rows_base | runs | batch_size_min | batch_size_max | affected_rows_min | affected_rows_max | avg_total_elapsed_ms | min_total_elapsed_ms | max_total_elapsed_ms | stddev_total_elapsed_ms | avg_elapsed_ms_per_row 
-----------+------+----------------+----------------+-------------------+-------------------+----------------------+----------------------+----------------------+-------------------------+------------------------
        10 |    5 |             10 |             10 |                10 |                10 |             0.303800 |             0.095000 |             0.857000 |                0.326516 |            0.030380000
        25 |    5 |             25 |             25 |                25 |                25 |             0.182000 |             0.085000 |             0.516000 |                0.187164 |            0.007280000
        50 |    5 |             50 |             50 |                50 |                50 |             0.305400 |             0.216000 |             0.610000 |                0.170932 |            0.006108000
       100 |    5 |            100 |            100 |               100 |               100 |             0.478800 |             0.357000 |             0.668000 |                0.122453 |            0.004788000
       250 |    5 |            250 |            250 |               250 |               250 |             1.148600 |             0.878000 |             1.305000 |                0.164509 |            0.004594400
       500 |    5 |            500 |            500 |               500 |               500 |             2.245000 |             1.675000 |             2.980000 |                0.517741 |            0.004490000
      1000 |    5 |           1000 |           1000 |              1000 |              1000 |             4.231000 |             3.217000 |             5.420000 |                0.886621 |            0.004231000
      2500 |    5 |           1000 |           1000 |              1000 |              1000 |             3.929400 |             2.843000 |             5.049000 |                0.889345 |            0.003929400
      5000 |    5 |           1000 |           1000 |              1000 |              1000 |             3.963000 |             3.664000 |             4.335000 |                0.259097 |            0.003963000
     10000 |    5 |           1000 |           1000 |              1000 |              1000 |             7.167800 |             4.617000 |            14.539000 |                4.147302 |            0.007167800
     25000 |    5 |           1000 |           1000 |              1000 |              1000 |             6.174600 |             3.689000 |            11.151000 |                3.010983 |            0.006174600
     50000 |    5 |           1000 |           1000 |              1000 |              1000 |             8.548600 |             7.155000 |            10.076000 |                1.048829 |            0.008548600
    100000 |    5 |           1000 |           1000 |              1000 |              1000 |            15.424600 |            12.569000 |            18.916000 |                2.635082 |            0.015424600
    250000 |    5 |           1000 |           1000 |              1000 |              1000 |            29.455800 |            17.278000 |            45.475000 |               12.364798 |            0.029455800
    500000 |    5 |           1000 |           1000 |              1000 |              1000 |            49.410000 |            40.806000 |            69.446000 |               11.620388 |            0.049410000
(15 rows)

Time: 20.130 ms
=== ZERO-AFFECTED CHECK ===
 rows_base | run_no | batch_size | affected_rows | elapsed_ms 
-----------+--------+------------+---------------+------------
(0 rows)

Time: 2.070 ms
=== EXPLAIN control: UPDATE without lookup index, max size ===
                                                              QUERY PLAN                                                               
---------------------------------------------------------------------------------------------------------------------------------------
 Update on update_no_lookup_index_work  (cost=0.00..16800.38 rows=0 width=0) (actual time=66.500..66.501 rows=0 loops=1)
   Buffers: shared hit=12239 dirtied=22 written=22
   ->  Seq Scan on update_no_lookup_index_work  (cost=0.00..16800.38 rows=996 width=38) (actual time=63.874..64.876 rows=1000 loops=1)
         Filter: ((lookup_id >= 499001) AND (lookup_id <= 500000))
         Rows Removed by Filter: 499000
         Buffers: shared hit=9203
 Planning:
   Buffers: shared hit=16
 Planning Time: 0.174 ms
 Execution Time: 66.530 ms
(10 rows)

Time: 72.154 ms
=== FIXED UPDATE without lookup index done ===
