Pager usage is off.
Timing is on.
=== ЛР-4. Шаг 2: рост хранилища таблицы логгирования ===
psql:sql/01_storage_growth.sql:6: NOTICE:  schema "lab4" does not exist, skipping
DROP SCHEMA
Time: 2.086 ms
CREATE SCHEMA
Time: 2.965 ms
SET
Time: 0.797 ms
CREATE TABLE
Time: 13.208 ms
CREATE TABLE
Time: 13.441 ms
CREATE FUNCTION
Time: 5.933 ms
CREATE FUNCTION
Time: 2.542 ms
=== 2.1. Замеры роста таблицы ===
 measure_user_log_storage 
--------------------------
 
(1 row)

Time: 12.991 ms
 measure_user_log_storage 
--------------------------
 
(1 row)

Time: 8.404 ms
 measure_user_log_storage 
--------------------------
 
(1 row)

Time: 7.829 ms
 measure_user_log_storage 
--------------------------
 
(1 row)

Time: 5.933 ms
 measure_user_log_storage 
--------------------------
 
(1 row)

Time: 9.271 ms
 measure_user_log_storage 
--------------------------
 
(1 row)

Time: 7.275 ms
 measure_user_log_storage 
--------------------------
 
(1 row)

Time: 8.961 ms
 measure_user_log_storage 
--------------------------
 
(1 row)

Time: 9.263 ms
 measure_user_log_storage 
--------------------------
 
(1 row)

Time: 9.629 ms
 measure_user_log_storage 
--------------------------
 
(1 row)

Time: 12.879 ms
 measure_user_log_storage 
--------------------------
 
(1 row)

Time: 16.273 ms
 measure_user_log_storage 
--------------------------
 
(1 row)

Time: 24.617 ms
 measure_user_log_storage 
--------------------------
 
(1 row)

Time: 44.691 ms
 measure_user_log_storage 
--------------------------
 
(1 row)

Time: 96.892 ms
 measure_user_log_storage 
--------------------------
 
(1 row)

Time: 506.529 ms
 measure_user_log_storage 
--------------------------
 
(1 row)

Time: 620.362 ms
 measure_user_log_storage 
--------------------------
 
(1 row)

Time: 2225.205 ms (00:02.225)
 measure_user_log_storage 
--------------------------
 
(1 row)

Time: 4245.627 ms (00:04.246)
=== 2.2. Итоговая таблица роста ===
 rows_actual | database_bytes | database_size | relation_bytes | relation_size | relation_pages | total_relation_bytes | total_relation_size | indexes_bytes | toast_bytes | relation_filepath | avg_relation_bytes_per_row | avg_total_bytes_per_row 
-------------+----------------+---------------+----------------+---------------+----------------+----------------------+---------------------+---------------+-------------+-------------------+----------------------------+-------------------------
           0 |        7805975 | 7623 kB       |              0 | 0 bytes       |           0.00 |                 8192 | 8192 bytes          |             0 |        8192 | base/16384/16407  |                            |                        
           1 |        7830551 | 7647 kB       |           8192 | 8192 bytes    |           1.00 |                16384 | 16 kB               |             0 |        8192 | base/16384/16410  |                    8192.00 |                16384.00
           2 |        7838743 | 7655 kB       |           8192 | 8192 bytes    |           1.00 |                16384 | 16 kB               |             0 |        8192 | base/16384/16413  |                    4096.00 |                 8192.00
           5 |        7838743 | 7655 kB       |           8192 | 8192 bytes    |           1.00 |                16384 | 16 kB               |             0 |        8192 | base/16384/16416  |                    1638.40 |                 3276.80
          10 |        7846935 | 7663 kB       |           8192 | 8192 bytes    |           1.00 |                16384 | 16 kB               |             0 |        8192 | base/16384/16419  |                     819.20 |                 1638.40
          20 |        7846935 | 7663 kB       |           8192 | 8192 bytes    |           1.00 |                16384 | 16 kB               |             0 |        8192 | base/16384/16422  |                     409.60 |                  819.20
          50 |        7846935 | 7663 kB       |           8192 | 8192 bytes    |           1.00 |                16384 | 16 kB               |             0 |        8192 | base/16384/16425  |                     163.84 |                  327.68
         100 |        7887895 | 7703 kB       |          16384 | 16 kB         |           2.00 |                49152 | 48 kB               |             0 |       32768 | base/16384/16429  |                     163.84 |                  491.52
         200 |        7937047 | 7751 kB       |          32768 | 32 kB         |           4.00 |                65536 | 64 kB               |             0 |       32768 | base/16384/16433  |                     163.84 |                  327.68
         500 |        8010775 | 7823 kB       |          81920 | 80 kB         |          10.00 |               114688 | 112 kB              |             0 |       32768 | base/16384/16437  |                     163.84 |                  229.38
        1000 |        8133655 | 7943 kB       |         155648 | 152 kB        |          19.00 |               188416 | 184 kB              |             0 |       32768 | base/16384/16441  |                     155.65 |                  188.42
        2000 |        8354839 | 8159 kB       |         303104 | 296 kB        |          37.00 |               335872 | 328 kB              |             0 |       32768 | base/16384/16445  |                     151.55 |                  167.94
        5000 |        8944663 | 8735 kB       |         745472 | 728 kB        |          91.00 |               778240 | 760 kB              |             0 |       32768 | base/16384/16449  |                     149.09 |                  155.65
       10000 |       10140695 | 9903 kB       |        1490944 | 1456 kB       |         182.00 |              1523712 | 1488 kB             |             0 |       32768 | base/16384/16453  |                     149.09 |                  152.37
       50000 |       16849943 | 16 MB         |        7454720 | 7280 kB       |         910.00 |              7487488 | 7312 kB             |             0 |       32768 | base/16384/16457  |                     149.09 |                  149.75
      100000 |       30260247 | 29 MB         |       14901248 | 14 MB         |        1819.00 |             14934016 | 14 MB               |             0 |       32768 | base/16384/16461  |                     149.01 |                  149.34
      500000 |       97295383 | 93 MB         |       74473472 | 71 MB         |        9091.00 |             74522624 | 71 MB               |             0 |       49152 | base/16384/16465  |                     148.95 |                  149.05
     1000000 |      231373847 | 221 MB        |      148946944 | 142 MB        |       18182.00 |            149012480 | 142 MB              |             0 |       65536 | base/16384/16469  |                     148.95 |                  149.01
(18 rows)

Time: 1.443 ms
=== 2.3. Проверка, что relation растет страницами по 8192 байта ===
 rows_actual | relation_bytes | relation_pages |         page_check         
-------------+----------------+----------------+----------------------------
           0 |              0 |           0.00 | OK: multiple of block_size
           1 |           8192 |           1.00 | OK: multiple of block_size
           2 |           8192 |           1.00 | OK: multiple of block_size
           5 |           8192 |           1.00 | OK: multiple of block_size
          10 |           8192 |           1.00 | OK: multiple of block_size
          20 |           8192 |           1.00 | OK: multiple of block_size
          50 |           8192 |           1.00 | OK: multiple of block_size
         100 |          16384 |           2.00 | OK: multiple of block_size
         200 |          32768 |           4.00 | OK: multiple of block_size
         500 |          81920 |          10.00 | OK: multiple of block_size
        1000 |         155648 |          19.00 | OK: multiple of block_size
        2000 |         303104 |          37.00 | OK: multiple of block_size
        5000 |         745472 |          91.00 | OK: multiple of block_size
       10000 |        1490944 |         182.00 | OK: multiple of block_size
       50000 |        7454720 |         910.00 | OK: multiple of block_size
      100000 |       14901248 |        1819.00 | OK: multiple of block_size
      500000 |       74473472 |        9091.00 | OK: multiple of block_size
     1000000 |      148946944 |       18182.00 | OK: multiple of block_size
(18 rows)

Time: 0.963 ms
=== 2.4. Прирост размера между соседними замерами ===
 rows_actual | relation_bytes | relation_delta_bytes | rows_delta | delta_bytes_per_row 
-------------+----------------+----------------------+------------+---------------------
           0 |              0 |                      |            |                    
           1 |           8192 |                 8192 |          1 |             8192.00
           2 |           8192 |                    0 |          1 |                0.00
           5 |           8192 |                    0 |          3 |                0.00
          10 |           8192 |                    0 |          5 |                0.00
          20 |           8192 |                    0 |         10 |                0.00
          50 |           8192 |                    0 |         30 |                0.00
         100 |          16384 |                 8192 |         50 |              163.84
         200 |          32768 |                16384 |        100 |              163.84
         500 |          81920 |                49152 |        300 |              163.84
        1000 |         155648 |                73728 |        500 |              147.46
        2000 |         303104 |               147456 |       1000 |              147.46
        5000 |         745472 |               442368 |       3000 |              147.46
       10000 |        1490944 |               745472 |       5000 |              149.09
       50000 |        7454720 |              5963776 |      40000 |              149.09
      100000 |       14901248 |              7446528 |      50000 |              148.93
      500000 |       74473472 |             59572224 |     400000 |              148.93
     1000000 |      148946944 |             74473472 |     500000 |              148.95
(18 rows)

Time: 1.275 ms
=== 2.5. Оценка стабильного размера одной записи по крупным таблицам ===
 bytes_delta | rows_delta | stable_relation_bytes_per_row 
-------------+------------+-------------------------------
   134045696 |     900000 |                        148.94
(1 row)

Time: 1.325 ms
=== 2.6. Проверка прогноза размера relation для разных N ===
 rows_actual | actual_relation_bytes | predicted_relation_bytes | prediction_error_bytes | prediction_error_percent 
-------------+-----------------------+--------------------------+------------------------+--------------------------
      500000 |              74473472 |                 74477113 |                  -3641 |                    0.005
     1000000 |             148946944 |                148946944 |                      0 |                    0.000
(2 rows)

Time: 1.502 ms
=== 2.7. Контроль финального количества строк ===
 rows_now 
----------
  1000000
(1 row)

Time: 52.858 ms
=== Шаг 2 SQL завершен ===
