Pager usage is off.
Timing is on.
=== ЛР-4. Шаг 6: влияние индексов на UPDATE ===
SET
Time: 0.712 ms
psql:sql/05_update_indexes.sql:9: NOTICE:  table "update_measurements" does not exist, skipping
DROP TABLE
Time: 0.786 ms
psql:sql/05_update_indexes.sql:10: NOTICE:  table "update_trigger_audit" does not exist, skipping
DROP TABLE
Time: 0.514 ms
psql:sql/05_update_indexes.sql:12: NOTICE:  table "update_no_extra_index" does not exist, skipping
DROP TABLE
Time: 0.522 ms
psql:sql/05_update_indexes.sql:13: NOTICE:  table "update_simple_btree" does not exist, skipping
DROP TABLE
Time: 0.482 ms
psql:sql/05_update_indexes.sql:14: NOTICE:  table "update_unique_btree" does not exist, skipping
DROP TABLE
Time: 0.511 ms
psql:sql/05_update_indexes.sql:15: NOTICE:  table "update_expression_index" does not exist, skipping
DROP TABLE
Time: 0.504 ms
psql:sql/05_update_indexes.sql:16: NOTICE:  table "update_function_index" does not exist, skipping
DROP TABLE
Time: 0.512 ms
psql:sql/05_update_indexes.sql:18: NOTICE:  function lab4.update_function_key(text) does not exist, skipping
DROP FUNCTION
Time: 0.962 ms
psql:sql/05_update_indexes.sql:19: NOTICE:  function lab4.update_trigger_fn() does not exist, skipping
DROP FUNCTION
Time: 0.507 ms
psql:sql/05_update_indexes.sql:20: NOTICE:  function lab4.fill_update_table(text,pg_catalog.int8) does not exist, skipping
DROP FUNCTION
Time: 0.557 ms
psql:sql/05_update_indexes.sql:21: NOTICE:  function lab4.measure_update_table(text,text,pg_catalog.int8,pg_catalog.int8,pg_catalog.int4) does not exist, skipping
DROP FUNCTION
Time: 0.612 ms
CREATE TABLE
Time: 7.966 ms
CREATE TABLE
Time: 6.524 ms
CREATE FUNCTION
Time: 1.656 ms
CREATE FUNCTION
Time: 1.737 ms
CREATE TABLE
Time: 4.802 ms
CREATE TABLE
Time: 3.880 ms
CREATE TABLE
Time: 3.630 ms
CREATE TABLE
Time: 3.581 ms
CREATE TABLE
Time: 3.815 ms
=== 6.1. Технический lookup_id индекс создается у всех таблиц ===
CREATE INDEX
Time: 3.321 ms
CREATE INDEX
Time: 3.794 ms
CREATE INDEX
Time: 3.244 ms
CREATE INDEX
Time: 3.271 ms
CREATE INDEX
Time: 3.472 ms
=== 6.2. Дополнительные исследуемые индексы ===
CREATE INDEX
Time: 3.497 ms
CREATE INDEX
Time: 3.528 ms
CREATE INDEX
Time: 3.659 ms
CREATE INDEX
Time: 3.877 ms
=== 6.3. AFTER UPDATE триггеры для контроля факта обновления ===
CREATE TRIGGER
Time: 2.429 ms
CREATE TRIGGER
Time: 1.342 ms
CREATE TRIGGER
Time: 1.366 ms
CREATE TRIGGER
Time: 1.286 ms
CREATE TRIGGER
Time: 1.330 ms
CREATE FUNCTION
Time: 1.517 ms
CREATE FUNCTION
Time: 1.735 ms
=== 6.4. Запуск серий UPDATE по размерам таблицы ===
psql:sql/05_update_indexes.sql:291: NOTICE:  Running UPDATE size 10000
psql:sql/05_update_indexes.sql:291: NOTICE:  Running UPDATE size 50000
psql:sql/05_update_indexes.sql:291: NOTICE:  Running UPDATE size 100000
psql:sql/05_update_indexes.sql:291: NOTICE:  Running UPDATE size 500000
psql:sql/05_update_indexes.sql:291: NOTICE:  Running UPDATE size 1000000
DO
Time: 61566.853 ms (01:01.567)
=== 6.5. Итоговая таблица UPDATE ===
    index_type    | rows_base | runs | batch_size_min | batch_size_max | affected_rows_min | affected_rows_max | trigger_rows_min | trigger_rows_max | avg_total_elapsed_ms | min_total_elapsed_ms | max_total_elapsed_ms | stddev_total_elapsed_ms | avg_elapsed_ms_per_row 
------------------+-----------+------+----------------+----------------+-------------------+-------------------+------------------+------------------+----------------------+----------------------+----------------------+-------------------------+------------------------
 no_extra_index   |     10000 |    5 |           1000 |           1000 |              1000 |              1000 |             1000 |             1000 |               10.802 |               10.067 |               11.689 |                   0.656 |               0.010802
 simple_btree     |     10000 |    5 |           1000 |           1000 |              1000 |              1000 |             1000 |             1000 |               13.767 |               10.973 |               18.168 |                   3.271 |               0.013767
 unique_btree     |     10000 |    5 |           1000 |           1000 |              1000 |              1000 |             1000 |             1000 |               12.238 |               10.810 |               16.632 |                   2.491 |               0.012238
 expression_index |     10000 |    5 |           1000 |           1000 |              1000 |              1000 |             1000 |             1000 |               14.017 |               12.858 |               16.945 |                   1.663 |               0.014017
 function_index   |     10000 |    5 |           1000 |           1000 |              1000 |              1000 |             1000 |             1000 |               17.252 |               14.324 |               20.794 |                   2.872 |               0.017252
 no_extra_index   |     50000 |    5 |           1000 |           1000 |              1000 |              1000 |             1000 |             1000 |               12.635 |               11.336 |               14.725 |                   1.517 |               0.012635
 simple_btree     |     50000 |    5 |           1000 |           1000 |              1000 |              1000 |             1000 |             1000 |               14.861 |               12.808 |               17.110 |                   1.871 |               0.014861
 unique_btree     |     50000 |    5 |           1000 |           1000 |              1000 |              1000 |             1000 |             1000 |               14.806 |               12.798 |               20.592 |                   3.258 |               0.014806
 expression_index |     50000 |    5 |           1000 |           1000 |              1000 |              1000 |             1000 |             1000 |               16.963 |               14.993 |               20.863 |                   2.454 |               0.016963
 function_index   |     50000 |    5 |           1000 |           1000 |              1000 |              1000 |             1000 |             1000 |               17.709 |               16.646 |               18.471 |                   0.716 |               0.017709
 no_extra_index   |    100000 |    5 |           1000 |           1000 |              1000 |              1000 |             1000 |             1000 |               13.966 |               12.532 |               15.633 |                   1.112 |               0.013966
 simple_btree     |    100000 |    5 |           1000 |           1000 |              1000 |              1000 |             1000 |             1000 |               18.710 |               15.212 |               22.207 |                   2.844 |               0.018710
 unique_btree     |    100000 |    5 |           1000 |           1000 |              1000 |              1000 |             1000 |             1000 |               14.424 |               13.766 |               15.869 |                   0.831 |               0.014424
 expression_index |    100000 |    5 |           1000 |           1000 |              1000 |              1000 |             1000 |             1000 |               16.394 |               15.091 |               18.809 |                   1.416 |               0.016394
 function_index   |    100000 |    5 |           1000 |           1000 |              1000 |              1000 |             1000 |             1000 |               22.606 |               18.697 |               25.763 |                   2.547 |               0.022606
 no_extra_index   |    500000 |    5 |           1000 |           1000 |              1000 |              1000 |             1000 |             1000 |               14.671 |               14.057 |               16.422 |                   1.016 |               0.014671
 simple_btree     |    500000 |    5 |           1000 |           1000 |              1000 |              1000 |             1000 |             1000 |               17.612 |               15.879 |               21.611 |                   2.324 |               0.017612
 unique_btree     |    500000 |    5 |           1000 |           1000 |              1000 |              1000 |             1000 |             1000 |               20.850 |               16.390 |               34.086 |                   7.446 |               0.020850
 expression_index |    500000 |    5 |           1000 |           1000 |              1000 |              1000 |             1000 |             1000 |               17.943 |               17.134 |               19.494 |                   0.976 |               0.017943
 function_index   |    500000 |    5 |           1000 |           1000 |              1000 |              1000 |             1000 |             1000 |               24.092 |               21.840 |               25.339 |                   1.361 |               0.024092
 no_extra_index   |   1000000 |    5 |           1000 |           1000 |              1000 |              1000 |             1000 |             1000 |               20.581 |               15.756 |               31.882 |                   6.954 |               0.020581
 simple_btree     |   1000000 |    5 |           1000 |           1000 |              1000 |              1000 |             1000 |             1000 |               21.209 |               18.731 |               26.638 |                   3.157 |               0.021209
 unique_btree     |   1000000 |    5 |           1000 |           1000 |              1000 |              1000 |             1000 |             1000 |               21.045 |               17.019 |               28.239 |                   5.229 |               0.021045
 expression_index |   1000000 |    5 |           1000 |           1000 |              1000 |              1000 |             1000 |             1000 |               21.641 |               19.390 |               26.275 |                   2.952 |               0.021641
 function_index   |   1000000 |    5 |           1000 |           1000 |              1000 |              1000 |             1000 |             1000 |               29.248 |               24.148 |               39.687 |                   6.205 |               0.029248
(25 rows)

Time: 1.549 ms
=== 6.6. Проверка корректности UPDATE и триггеров ===
    index_type    | tested_table_sizes | total_runs | batch_size_min | batch_size_max | affected_rows_min | affected_rows_max | trigger_rows_min | trigger_rows_max |                              check_result                              
------------------+--------------------+------------+----------------+----------------+-------------------+-------------------+------------------+------------------+------------------------------------------------------------------------
 expression_index |                  5 |         25 |           1000 |           1000 |              1000 |              1000 |             1000 |             1000 | OK: every UPDATE changed expected rows and trigger fired for every row
 function_index   |                  5 |         25 |           1000 |           1000 |              1000 |              1000 |             1000 |             1000 | OK: every UPDATE changed expected rows and trigger fired for every row
 no_extra_index   |                  5 |         25 |           1000 |           1000 |              1000 |              1000 |             1000 |             1000 | OK: every UPDATE changed expected rows and trigger fired for every row
 simple_btree     |                  5 |         25 |           1000 |           1000 |              1000 |              1000 |             1000 |             1000 | OK: every UPDATE changed expected rows and trigger fired for every row
 unique_btree     |                  5 |         25 |           1000 |           1000 |              1000 |              1000 |             1000 |             1000 | OK: every UPDATE changed expected rows and trigger fired for every row
(5 rows)

Time: 0.726 ms
=== 6.7. Размеры таблиц UPDATE после финального размера ===
       table_name        | relation_bytes | relation_size | indexes_bytes | indexes_size | total_bytes | total_size 
-------------------------+----------------+---------------+---------------+--------------+-------------+------------
 update_expression_index |      158359552 | 151 MB        |      34226176 | 33 MB        |   192651264 | 184 MB
 update_function_index   |      158359552 | 151 MB        |      99516416 | 95 MB        |   257941504 | 246 MB
 update_no_extra_index   |      158359552 | 151 MB        |      22601728 | 22 MB        |   181026816 | 173 MB
 update_simple_btree     |      158359552 | 151 MB        |      32251904 | 31 MB        |   190676992 | 182 MB
 update_unique_btree     |      158359552 | 151 MB        |      45195264 | 43 MB        |   203620352 | 194 MB
(5 rows)

Time: 2.223 ms
=== 6.8. EXPLAIN контроль UPDATE: базовая таблица ===
                                                                           QUERY PLAN                                                                           
----------------------------------------------------------------------------------------------------------------------------------------------------------------
 Update on update_no_extra_index  (cost=0.42..90.20 rows=0 width=0) (actual time=7.760..7.760 rows=0 loops=1)
   Buffers: shared hit=9152 read=129 dirtied=146 written=16
   ->  Index Scan using idx_update_no_extra_lookup on update_no_extra_index  (cost=0.42..90.20 rows=970 width=106) (actual time=0.030..2.235 rows=1000 loops=1)
         Index Cond: ((lookup_id >= 1) AND (lookup_id <= 1000))
         Buffers: shared hit=1991 read=23 dirtied=20
 Planning:
   Buffers: shared hit=30 read=12 dirtied=8
 Planning Time: 0.159 ms
 Trigger trg_update_no_extra_index: time=13.357 calls=1000
 Execution Time: 21.202 ms
(10 rows)

Time: 25.494 ms
=== 6.9. EXPLAIN контроль UPDATE: функциональный индекс ===
                                                                           QUERY PLAN                                                                           
----------------------------------------------------------------------------------------------------------------------------------------------------------------
 Update on update_function_index  (cost=0.42..91.18 rows=0 width=0) (actual time=11.918..11.919 rows=0 loops=1)
   Buffers: shared hit=12299 read=2 dirtied=25 written=23
   ->  Index Scan using idx_update_function_lookup on update_function_index  (cost=0.42..91.18 rows=987 width=106) (actual time=0.038..1.655 rows=1000 loops=1)
         Index Cond: ((lookup_id >= 1) AND (lookup_id <= 1000))
         Buffers: shared hit=2014
 Planning:
   Buffers: shared hit=44 dirtied=4
 Planning Time: 0.284 ms
 Trigger trg_update_function_index: time=5.720 calls=1000
 Execution Time: 17.712 ms
(10 rows)

Time: 21.284 ms
=== Шаг 6 SQL завершен ===
