Pager usage is off.
Timing is on.
=== ЛР-4. Блок 4: влияние индексов на INSERT и UPDATE ===
SET
Time: 1.270 ms
psql:sql/04_insert_update_indexes.sql:8: NOTICE:  table "insert_update_measurements" does not exist, skipping
DROP TABLE
Time: 3.015 ms
psql:sql/04_insert_update_indexes.sql:10: NOTICE:  table "mod_no_index" does not exist, skipping
DROP TABLE
Time: 0.799 ms
psql:sql/04_insert_update_indexes.sql:11: NOTICE:  table "mod_simple_index" does not exist, skipping
DROP TABLE
Time: 0.659 ms
psql:sql/04_insert_update_indexes.sql:12: NOTICE:  table "mod_unique_index" does not exist, skipping
DROP TABLE
Time: 0.666 ms
psql:sql/04_insert_update_indexes.sql:13: NOTICE:  table "mod_expr_index" does not exist, skipping
DROP TABLE
Time: 0.632 ms
psql:sql/04_insert_update_indexes.sql:14: NOTICE:  table "mod_func_index" does not exist, skipping
DROP TABLE
Time: 0.671 ms
CREATE TABLE
Time: 26.023 ms
CREATE TABLE
Time: 6.102 ms
CREATE TABLE
Time: 6.531 ms
CREATE TABLE
Time: 5.899 ms
CREATE TABLE
Time: 5.223 ms
CREATE TABLE
Time: 6.029 ms
CREATE INDEX
Time: 5.015 ms
CREATE INDEX
Time: 6.574 ms
CREATE INDEX
Time: 6.025 ms
CREATE FUNCTION
Time: 3.502 ms
CREATE INDEX
Time: 3.968 ms
CREATE FUNCTION
Time: 4.900 ms
CREATE FUNCTION
Time: 2.484 ms
CREATE FUNCTION
Time: 2.778 ms
CREATE FUNCTION
Time: 2.439 ms
=== Размеры пустых таблиц с разными индексами ===
    table_name    | relation_size | indexes_size | total_size 
------------------+---------------+--------------+------------
 mod_expr_index   | 0 bytes       | 8192 bytes   | 16 kB
 mod_func_index   | 0 bytes       | 8192 bytes   | 16 kB
 mod_no_index     | 0 bytes       | 0 bytes      | 8192 bytes
 mod_simple_index | 0 bytes       | 8192 bytes   | 16 kB
 mod_unique_index | 0 bytes       | 8192 bytes   | 16 kB
(5 rows)

Time: 8.565 ms
=== Замеры INSERT batch: 100 000 строк в таблице, вставка 10 000 строк ===
 measure_insert_batch 
----------------------
 
(1 row)

Time: 557.500 ms
 measure_insert_batch 
----------------------
 
(1 row)

Time: 867.129 ms
 measure_insert_batch 
----------------------
 
(1 row)

Time: 794.185 ms
 measure_insert_batch 
----------------------
 
(1 row)

Time: 1187.814 ms (00:01.188)
 measure_insert_batch 
----------------------
 
(1 row)

Time: 1081.552 ms (00:01.082)
 measure_insert_batch 
----------------------
 
(1 row)

Time: 564.787 ms
 measure_insert_batch 
----------------------
 
(1 row)

Time: 741.598 ms
 measure_insert_batch 
----------------------
 
(1 row)

Time: 797.873 ms
 measure_insert_batch 
----------------------
 
(1 row)

Time: 1253.479 ms (00:01.253)
 measure_insert_batch 
----------------------
 
(1 row)

Time: 1098.165 ms (00:01.098)
 measure_insert_batch 
----------------------
 
(1 row)

Time: 528.099 ms
 measure_insert_batch 
----------------------
 
(1 row)

Time: 753.337 ms
 measure_insert_batch 
----------------------
 
(1 row)

Time: 690.020 ms
 measure_insert_batch 
----------------------
 
(1 row)

Time: 1155.662 ms (00:01.156)
 measure_insert_batch 
----------------------
 
(1 row)

Time: 1085.970 ms (00:01.086)
=== Замеры UPDATE неиндексируемого поля amount ===
 measure_update_nonindexed 
---------------------------
 
(1 row)

Time: 490.509 ms
 measure_update_nonindexed 
---------------------------
 
(1 row)

Time: 763.118 ms
 measure_update_nonindexed 
---------------------------
 
(1 row)

Time: 671.683 ms
 measure_update_nonindexed 
---------------------------
 
(1 row)

Time: 1280.147 ms (00:01.280)
 measure_update_nonindexed 
---------------------------
 
(1 row)

Time: 1273.598 ms (00:01.274)
 measure_update_nonindexed 
---------------------------
 
(1 row)

Time: 483.579 ms
 measure_update_nonindexed 
---------------------------
 
(1 row)

Time: 713.724 ms
 measure_update_nonindexed 
---------------------------
 
(1 row)

Time: 785.939 ms
 measure_update_nonindexed 
---------------------------
 
(1 row)

Time: 1221.441 ms (00:01.221)
 measure_update_nonindexed 
---------------------------
 
(1 row)

Time: 1143.974 ms (00:01.144)
 measure_update_nonindexed 
---------------------------
 
(1 row)

Time: 535.126 ms
 measure_update_nonindexed 
---------------------------
 
(1 row)

Time: 750.360 ms
 measure_update_nonindexed 
---------------------------
 
(1 row)

Time: 747.915 ms
 measure_update_nonindexed 
---------------------------
 
(1 row)

Time: 1282.736 ms (00:01.283)
 measure_update_nonindexed 
---------------------------
 
(1 row)

Time: 1355.665 ms (00:01.356)
=== Замеры UPDATE индексируемого поля / выражения ===
 measure_update_indexed 
------------------------
 
(1 row)

Time: 516.967 ms
 measure_update_indexed 
------------------------
 
(1 row)

Time: 673.953 ms
 measure_update_indexed 
------------------------
 
(1 row)

Time: 874.531 ms
 measure_update_indexed 
------------------------
 
(1 row)

Time: 1253.200 ms (00:01.253)
 measure_update_indexed 
------------------------
 
(1 row)

Time: 1082.275 ms (00:01.082)
 measure_update_indexed 
------------------------
 
(1 row)

Time: 627.872 ms
 measure_update_indexed 
------------------------
 
(1 row)

Time: 802.332 ms
 measure_update_indexed 
------------------------
 
(1 row)

Time: 777.786 ms
 measure_update_indexed 
------------------------
 
(1 row)

Time: 1193.519 ms (00:01.194)
 measure_update_indexed 
------------------------
 
(1 row)

Time: 1231.579 ms (00:01.232)
 measure_update_indexed 
------------------------
 
(1 row)

Time: 465.208 ms
 measure_update_indexed 
------------------------
 
(1 row)

Time: 768.587 ms
 measure_update_indexed 
------------------------
 
(1 row)

Time: 596.494 ms
 measure_update_indexed 
------------------------
 
(1 row)

Time: 1153.916 ms (00:01.154)
 measure_update_indexed 
------------------------
 
(1 row)

Time: 1179.851 ms (00:01.180)
=== Размеры таблиц после тестов ===
    table_name    | relation_bytes | indexes_bytes | total_bytes | relation_size | indexes_size | total_size 
------------------+----------------+---------------+-------------+---------------+--------------+------------
 mod_expr_index   |       10141696 |       1212416 |    11386880 | 9904 kB       | 1184 kB      | 11 MB
 mod_func_index   |       10141696 |       4407296 |    14581760 | 9904 kB       | 4304 kB      | 14 MB
 mod_no_index     |       10141696 |             0 |    10174464 | 9904 kB       | 0 bytes      | 9936 kB
 mod_simple_index |       10141696 |       2260992 |    12435456 | 9904 kB       | 2208 kB      | 12 MB
 mod_unique_index |       10141696 |       2260992 |    12435456 | 9904 kB       | 2208 kB      | 12 MB
(5 rows)

Time: 2.376 ms
=== Итоговая таблица INSERT / UPDATE ===
      operation_name      |    index_type    | runs | affected_rows_min | affected_rows_max | avg_elapsed_ms | min_elapsed_ms | max_elapsed_ms | stddev_elapsed_ms 
--------------------------+------------------+------+-------------------+-------------------+----------------+----------------+----------------+-------------------
 insert_batch             | no_index         |    3 |             10000 |             10000 |         32.296 |         27.665 |         38.884 |             5.860
 insert_batch             | simple_btree     |    3 |             10000 |             10000 |         60.302 |         45.601 |         71.463 |            13.289
 insert_batch             | unique_btree     |    3 |             10000 |             10000 |         57.981 |         39.545 |         91.149 |            28.784
 insert_batch             | expression_index |    3 |             10000 |             10000 |         73.503 |         62.800 |         86.049 |            11.734
 insert_batch             | function_index   |    3 |             10000 |             10000 |         84.641 |         77.062 |         99.012 |            12.452
 update_nonindexed_amount | no_index         |    3 |               202 |               202 |          8.288 |          5.955 |         10.662 |             2.354
 update_nonindexed_amount | simple_btree     |    3 |               202 |               202 |          1.021 |          0.890 |          1.137 |             0.124
 update_nonindexed_amount | unique_btree     |    3 |               202 |               202 |         13.359 |         10.298 |         17.358 |             3.622
 update_nonindexed_amount | expression_index |    3 |               202 |               202 |         11.905 |         10.846 |         13.116 |             1.143
 update_nonindexed_amount | function_index   |    3 |               202 |               202 |          7.754 |          7.407 |          8.038 |             0.320
 update_indexed_field     | no_index         |    3 |               202 |               202 |          7.763 |          7.082 |          8.118 |             0.590
 update_indexed_field     | simple_btree     |    3 |               202 |               202 |          0.993 |          0.657 |          1.192 |             0.293
 update_indexed_field     | unique_btree     |    3 |               202 |               202 |          7.973 |          6.558 |         10.158 |             1.919
 update_indexed_field     | expression_index |    3 |               202 |               202 |         10.948 |          7.680 |         15.396 |             3.991
 update_indexed_field     | function_index   |    3 |               202 |               202 |         11.140 |          8.945 |         12.264 |             1.901
(15 rows)

Time: 7.743 ms
=== Проверка количества строк в тестовых таблицах ===
    table_name    | rows_count 
------------------+------------
 mod_expr_index   |     100000
 mod_func_index   |     100000
 mod_no_index     |     100000
 mod_simple_index |     100000
 mod_unique_index |     100000
(5 rows)

Time: 35.138 ms
