Pager usage is off.
Timing is on.
=== ЛР-4. Методическое дозакрытие: страницы, секции, серии SELECT/INSERT/UPDATE ===
SET
Time: 6.965 ms
DROP TABLE
Time: 35.043 ms
DROP TABLE
Time: 30.288 ms
CREATE TABLE
Time: 19.760 ms
CREATE TABLE
Time: 33.125 ms
=== Микротест роста размера таблицы по страницам PostgreSQL ===
DO
Time: 383.717 ms
 rows_in_table | relation_bytes | relation_pages | total_relation_bytes | avg_relation_bytes_per_row 
---------------+----------------+----------------+----------------------+----------------------------
             0 |              0 |           0.00 |                 8192 |                           
             1 |           8192 |           1.00 |                16384 |                    8192.00
             2 |           8192 |           1.00 |                16384 |                    4096.00
             5 |           8192 |           1.00 |                16384 |                    1638.40
            10 |           8192 |           1.00 |                16384 |                     819.20
            20 |           8192 |           1.00 |                16384 |                     409.60
            50 |           8192 |           1.00 |                16384 |                     163.84
           100 |           8192 |           1.00 |                16384 |                      81.92
           200 |          16384 |           2.00 |                49152 |                      81.92
           500 |          40960 |           5.00 |                73728 |                      81.92
          1000 |          81920 |          10.00 |               114688 |                      81.92
          2000 |         155648 |          19.00 |               188416 |                      77.82
          5000 |         385024 |          47.00 |               417792 |                      77.00
         10000 |         770048 |          94.00 |               802816 |                      77.00
(14 rows)

Time: 1.178 ms
DROP TABLE
Time: 3.167 ms
CREATE TABLE
Time: 7.507 ms
CREATE FUNCTION
Time: 3.093 ms
=== EXPLAIN: первая секция, обычная таблица ===
                                                                   QUERY PLAN                                                                   
------------------------------------------------------------------------------------------------------------------------------------------------
 Finalize Aggregate  (cost=18870.02..18870.03 rows=1 width=32) (actual time=364.537..366.874 rows=1 loops=1)
   Buffers: shared read=11364
   ->  Gather  (cost=18869.80..18870.01 rows=2 width=32) (actual time=364.339..366.807 rows=3 loops=1)
         Workers Planned: 2
         Workers Launched: 2
         Buffers: shared read=11364
         ->  Partial Aggregate  (cost=17869.80..17869.81 rows=1 width=32) (actual time=356.408..356.408 rows=1 loops=3)
               Buffers: shared read=11364
               ->  Parallel Seq Scan on orders_plain  (cost=0.00..17614.00 rows=102320 width=6) (actual time=0.256..347.181 rows=82900 loops=3)
                     Filter: ((order_date >= '2024-01-01'::date) AND (order_date < '2024-04-01'::date))
                     Rows Removed by Filter: 250433
                     Buffers: shared read=11364
 Planning:
   Buffers: shared hit=30 read=4
 Planning Time: 2.406 ms
 Execution Time: 367.144 ms
(16 rows)

Time: 391.644 ms
=== EXPLAIN: первая секция, секционированная таблица ===
                                                                                   QUERY PLAN                                                                                    
---------------------------------------------------------------------------------------------------------------------------------------------------------------------------------
 Finalize Aggregate  (cost=6387.27..6387.28 rows=1 width=32) (actual time=301.725..304.640 rows=1 loops=1)
   Buffers: shared read=2827
   ->  Gather  (cost=6387.15..6387.26 rows=1 width=32) (actual time=301.628..304.633 rows=2 loops=1)
         Workers Planned: 1
         Workers Launched: 1
         Buffers: shared read=2827
         ->  Partial Aggregate  (cost=5387.15..5387.16 rows=1 width=32) (actual time=299.129..299.130 rows=1 loops=2)
               Buffers: shared read=2827
               ->  Parallel Seq Scan on orders_partitioned_2024_q1 orders_partitioned  (cost=0.00..5021.41 rows=146294 width=6) (actual time=0.235..286.959 rows=124350 loops=2)
                     Filter: ((order_date >= '2024-01-01'::date) AND (order_date < '2024-04-01'::date))
                     Buffers: shared read=2827
 Planning:
   Buffers: shared hit=69 read=7
 Planning Time: 2.494 ms
 Execution Time: 304.660 ms
(15 rows)

Time: 308.355 ms
=== EXPLAIN: вторая секция, секционированная таблица ===
                                                                                   QUERY PLAN                                                                                    
---------------------------------------------------------------------------------------------------------------------------------------------------------------------------------
 Finalize Aggregate  (cost=6386.36..6386.37 rows=1 width=32) (actual time=276.076..280.655 rows=1 loops=1)
   Buffers: shared read=2827
   ->  Gather  (cost=6386.24..6386.35 rows=1 width=32) (actual time=275.917..280.644 rows=2 loops=1)
         Workers Planned: 1
         Workers Launched: 1
         Buffers: shared read=2827
         ->  Partial Aggregate  (cost=5386.24..5386.25 rows=1 width=32) (actual time=273.669..273.670 rows=1 loops=2)
               Buffers: shared read=2827
               ->  Parallel Seq Scan on orders_partitioned_2024_q2 orders_partitioned  (cost=0.00..5020.64 rows=146242 width=6) (actual time=0.307..262.755 rows=124306 loops=2)
                     Filter: ((order_date >= '2024-04-01'::date) AND (order_date < '2024-07-01'::date))
                     Buffers: shared read=2827
 Planning:
   Buffers: shared hit=14
 Planning Time: 0.185 ms
 Execution Time: 280.681 ms
(15 rows)

Time: 284.457 ms
=== Замеры секционирования строго по методичке ===
 measure_method_partition_strict 
---------------------------------
 
(1 row)

Time: 481.595 ms
 measure_method_partition_strict 
---------------------------------
 
(1 row)

Time: 230.425 ms
 measure_method_partition_strict 
---------------------------------
 
(1 row)

Time: 526.596 ms
 measure_method_partition_strict 
---------------------------------
 
(1 row)

Time: 250.771 ms
 measure_method_partition_strict 
---------------------------------
 
(1 row)

Time: 553.059 ms
 measure_method_partition_strict 
---------------------------------
 
(1 row)

Time: 383.036 ms
         test_name         |     table_name     | runs | avg_elapsed_ms | min_elapsed_ms | max_elapsed_ms | stddev_elapsed_ms | result_check_min | result_check_max 
---------------------------+--------------------+------+----------------+----------------+----------------+-------------------+------------------+------------------
 first_section             | orders_partitioned |   10 |         22.774 |         18.569 |         27.960 |             3.222 |     126831974.00 |     126831974.00
 first_section             | orders_plain       |   10 |         47.366 |         33.144 |         86.999 |            16.528 |     126831974.00 |     126831974.00
 second_section            | orders_partitioned |   10 |         24.823 |         20.304 |         29.301 |             2.767 |     126765369.20 |     126765369.20
 second_section            | orders_plain       |   10 |         52.390 |         33.974 |         95.418 |            20.936 |     126765369.20 |     126765369.20
 first_and_second_sections | orders_partitioned |   10 |         38.019 |         30.242 |         60.713 |             8.624 |     253597343.20 |     253597343.20
 first_and_second_sections | orders_plain       |   10 |         55.050 |         44.362 |         84.160 |            11.420 |     253597343.20 |     253597343.20
(6 rows)

Time: 2.055 ms
DROP TABLE
Time: 3.396 ms
DROP TABLE
Time: 3.862 ms
DROP TABLE
Time: 3.031 ms
DROP TABLE
Time: 3.119 ms
DROP TABLE
Time: 3.120 ms
DROP TABLE
Time: 3.346 ms
DROP TABLE
Time: 2.326 ms
DROP TABLE
Time: 11.775 ms
CREATE TABLE
Time: 8.018 ms
CREATE TABLE
Time: 4.653 ms
CREATE TABLE
Time: 4.169 ms
CREATE INDEX
Time: 3.454 ms
CREATE TABLE
Time: 4.076 ms
CREATE TABLE
Time: 4.535 ms
CREATE TABLE
Time: 3.692 ms
CREATE TABLE
Time: 4.218 ms
CREATE TABLE
Time: 4.107 ms
CREATE INDEX
Time: 3.262 ms
CREATE INDEX
Time: 3.658 ms
CREATE INDEX
Time: 5.160 ms
CREATE INDEX
Time: 3.581 ms
CREATE FUNCTION
Time: 1.375 ms
CREATE FUNCTION
Time: 1.593 ms
CREATE FUNCTION
Time: 2.544 ms
CREATE FUNCTION
Time: 1.527 ms
CREATE FUNCTION
Time: 1.913 ms
=== Серии SELECT/INSERT/UPDATE по размерам таблиц ===
DO
Time: 97933.107 ms (01:37.933)
=== Итоговая таблица серии SELECT/INSERT/UPDATE ===
    operation_name     |    index_type    | rows_before | runs | affected_rows_min | affected_rows_max | avg_elapsed_ms | min_elapsed_ms | max_elapsed_ms | stddev_elapsed_ms 
-----------------------+------------------+-------------+------+-------------------+-------------------+----------------+----------------+----------------+-------------------
 select_one_random_row | without_index    |       10000 |    5 |                 1 |                 1 |          0.431 |          0.361 |          0.627 |             0.115
 select_one_random_row | btree_id_index   |       10000 |    5 |                 1 |                 1 |          0.060 |          0.024 |          0.180 |             0.068
 select_one_random_row | without_index    |       50000 |    5 |                 1 |                 1 |          4.477 |          2.251 |          8.550 |             2.385
 select_one_random_row | btree_id_index   |       50000 |    5 |                 1 |                 1 |          0.058 |          0.025 |          0.169 |             0.063
 select_one_random_row | without_index    |      100000 |    5 |                 1 |                 1 |          6.444 |          5.309 |          8.733 |             1.370
 select_one_random_row | btree_id_index   |      100000 |    5 |                 1 |                 1 |          0.088 |          0.047 |          0.234 |             0.082
 select_one_random_row | without_index    |      500000 |    5 |                 1 |                 1 |         17.673 |         14.914 |         24.673 |             4.033
 select_one_random_row | btree_id_index   |      500000 |    5 |                 1 |                 1 |          0.056 |          0.026 |          0.152 |             0.054
 select_one_random_row | without_index    |     1000000 |    5 |                 1 |                 1 |         27.998 |         25.088 |         30.523 |             2.014
 select_one_random_row | btree_id_index   |     1000000 |    5 |                 1 |                 1 |          0.070 |          0.027 |          0.211 |             0.079
 insert_one_random_row | no_index         |       10000 |    5 |                 1 |                 1 |          0.139 |          0.018 |          0.609 |             0.263
 insert_one_random_row | simple_btree     |       10000 |    5 |                 1 |                 1 |          0.048 |          0.019 |          0.143 |             0.053
 insert_one_random_row | unique_btree     |       10000 |    5 |                 1 |                 1 |          0.048 |          0.019 |          0.145 |             0.055
 insert_one_random_row | expression_index |       10000 |    5 |                 1 |                 1 |          0.063 |          0.025 |          0.156 |             0.054
 insert_one_random_row | function_index   |       10000 |    5 |                 1 |                 1 |          0.052 |          0.023 |          0.146 |             0.053
 insert_one_random_row | no_index         |       50000 |    5 |                 1 |                 1 |          0.047 |          0.018 |          0.141 |             0.053
 insert_one_random_row | simple_btree     |       50000 |    5 |                 1 |                 1 |          0.052 |          0.020 |          0.158 |             0.060
 insert_one_random_row | unique_btree     |       50000 |    5 |                 1 |                 1 |          0.045 |          0.019 |          0.140 |             0.053
 insert_one_random_row | expression_index |       50000 |    5 |                 1 |                 1 |          0.057 |          0.024 |          0.149 |             0.052
 insert_one_random_row | function_index   |       50000 |    5 |                 1 |                 1 |          0.051 |          0.024 |          0.144 |             0.052
 insert_one_random_row | no_index         |      100000 |    5 |                 1 |                 1 |          0.059 |          0.020 |          0.144 |             0.050
 insert_one_random_row | simple_btree     |      100000 |    5 |                 1 |                 1 |          0.056 |          0.021 |          0.170 |             0.064
 insert_one_random_row | unique_btree     |      100000 |    5 |                 1 |                 1 |          0.046 |          0.018 |          0.144 |             0.055
 insert_one_random_row | expression_index |      100000 |    5 |                 1 |                 1 |          0.062 |          0.024 |          0.180 |             0.067
 insert_one_random_row | function_index   |      100000 |    5 |                 1 |                 1 |          0.055 |          0.024 |          0.157 |             0.057
 insert_one_random_row | no_index         |      500000 |    5 |                 1 |                 1 |          0.041 |          0.016 |          0.129 |             0.049
 insert_one_random_row | simple_btree     |      500000 |    5 |                 1 |                 1 |          0.049 |          0.019 |          0.148 |             0.056
 insert_one_random_row | unique_btree     |      500000 |    5 |                 1 |                 1 |          0.076 |          0.020 |          0.244 |             0.096
 insert_one_random_row | expression_index |      500000 |    5 |                 1 |                 1 |          0.061 |          0.025 |          0.177 |             0.065
 insert_one_random_row | function_index   |      500000 |    5 |                 1 |                 1 |          0.060 |          0.025 |          0.170 |             0.062
 insert_one_random_row | no_index         |     1000000 |    5 |                 1 |                 1 |          0.044 |          0.017 |          0.142 |             0.055
 insert_one_random_row | simple_btree     |     1000000 |    5 |                 1 |                 1 |          0.058 |          0.020 |          0.167 |             0.062
 insert_one_random_row | unique_btree     |     1000000 |    5 |                 1 |                 1 |          0.055 |          0.018 |          0.169 |             0.065
 insert_one_random_row | expression_index |     1000000 |    5 |                 1 |                 1 |          0.089 |          0.030 |          0.232 |             0.082
 insert_one_random_row | function_index   |     1000000 |    5 |                 1 |                 1 |          0.057 |          0.025 |          0.159 |             0.058
 update_one_random_row | no_index         |       10000 |    5 |                 1 |                 1 |          0.682 |          0.458 |          1.476 |             0.444
 update_one_random_row | simple_btree     |       10000 |    5 |                 1 |                 1 |          1.007 |          0.771 |          1.328 |             0.256
 update_one_random_row | unique_btree     |       10000 |    5 |                 1 |                 1 |          0.072 |          0.033 |          0.208 |             0.076
 update_one_random_row | expression_index |       10000 |    5 |                 1 |                 1 |          0.500 |          0.436 |          0.661 |             0.093
 update_one_random_row | function_index   |       10000 |    5 |                 1 |                 1 |          0.585 |          0.486 |          0.643 |             0.069
 update_one_random_row | no_index         |       50000 |    5 |                 1 |                 1 |          2.626 |          1.973 |          4.354 |             0.986
 update_one_random_row | simple_btree     |       50000 |    5 |                 1 |                 1 |          2.353 |          2.173 |          2.714 |             0.240
 update_one_random_row | unique_btree     |       50000 |    5 |                 1 |                 1 |          0.075 |          0.033 |          0.207 |             0.074
 update_one_random_row | expression_index |       50000 |    5 |                 1 |                 1 |          4.950 |          4.336 |          5.607 |             0.550
 update_one_random_row | function_index   |       50000 |    5 |                 1 |                 1 |          2.245 |          2.012 |          2.645 |             0.273
 update_one_random_row | no_index         |      100000 |    5 |                 1 |                 1 |          4.524 |          4.240 |          5.078 |             0.325
 update_one_random_row | simple_btree     |      100000 |    5 |                 1 |                 1 |          8.809 |          4.739 |         19.857 |             6.251
 update_one_random_row | unique_btree     |      100000 |    5 |                 1 |                 1 |          0.068 |          0.032 |          0.182 |             0.064
 update_one_random_row | expression_index |      100000 |    5 |                 1 |                 1 |          5.844 |          4.535 |          6.903 |             0.886
 update_one_random_row | function_index   |      100000 |    5 |                 1 |                 1 |          4.629 |          4.346 |          4.866 |             0.227
 update_one_random_row | no_index         |      500000 |    5 |                 1 |                 1 |         25.375 |         21.315 |         36.552 |             6.340
 update_one_random_row | simple_btree     |      500000 |    5 |                 1 |                 1 |         28.024 |         23.483 |         33.821 |             4.308
 update_one_random_row | unique_btree     |      500000 |    5 |                 1 |                 1 |          0.075 |          0.034 |          0.212 |             0.077
 update_one_random_row | expression_index |      500000 |    5 |                 1 |                 1 |         22.032 |         21.438 |         22.770 |             0.562
 update_one_random_row | function_index   |      500000 |    5 |                 1 |                 1 |         24.151 |         23.361 |         24.966 |             0.596
 update_one_random_row | no_index         |     1000000 |    5 |                 1 |                 1 |         48.097 |         45.546 |         54.538 |             3.697
 update_one_random_row | simple_btree     |     1000000 |    5 |                 1 |                 1 |         51.998 |         45.174 |         67.632 |             9.995
 update_one_random_row | unique_btree     |     1000000 |    5 |                 1 |                 1 |          0.072 |          0.036 |          0.183 |             0.062
 update_one_random_row | expression_index |     1000000 |    5 |                 1 |                 1 |         56.746 |         45.754 |         74.021 |            10.744
 update_one_random_row | function_index   |     1000000 |    5 |                 1 |                 1 |         61.068 |         46.360 |         72.194 |            10.257
(60 rows)

Time: 6.417 ms
=== Размеры финальных методических таблиц ===
       table_name        | relation_bytes | indexes_bytes | total_bytes | relation_size | indexes_size | total_size 
-------------------------+----------------+---------------+-------------+---------------+--------------+------------
 method_mod_expr_index   |       93093888 |       8962048 |   102105088 | 89 MB         | 8752 kB      | 97 MB
 method_mod_func_index   |       93093888 |      39215104 |   132358144 | 89 MB         | 37 MB        | 126 MB
 method_mod_no_index     |       93093888 |             0 |    93143040 | 89 MB         | 0 bytes      | 89 MB
 method_mod_simple_index |       93093888 |      10117120 |   103260160 | 89 MB         | 9880 kB      | 98 MB
 method_mod_unique_index |       93093888 |      22487040 |   115630080 | 89 MB         | 21 MB        | 110 MB
 method_page_growth_test |         770048 |             0 |      811008 | 752 kB        | 0 bytes      | 792 kB
 method_select_id_index  |       76562432 |      22487040 |    99098624 | 73 MB         | 21 MB        | 95 MB
 method_select_no_index  |       76562432 |             0 |    76611584 | 73 MB         | 0 bytes      | 73 MB
(8 rows)

Time: 9.619 ms
