Pager usage is off.
Timing is on.
SET
Time: 0.537 ms
                                   query_name                                    
---------------------------------------------------------------------------------
 Q1. Выборка секретных действующих документов по подразделениям и сроку действия
(1 row)

Time: 0.836 ms
                                                                                                                                QUERY PLAN                                                                                                                                 
---------------------------------------------------------------------------------------------------------------------------------------------------------------------------------------------------------------------------------------------------------------------------
 Sort  (cost=6209.17..6214.11 rows=1976 width=107) (actual time=26.412..26.535 rows=2060 loops=1)
   Output: document_number, document_type, responsible_employee, internal_department, effective_from, effective_until, secrecy_level
   Sort Key: documents.effective_until, documents.document_number
   Sort Method: quicksort  Memory: 387kB
   Buffers: shared hit=4232
   ->  Seq Scan on public.documents  (cost=0.00..6101.00 rows=1976 width=107) (actual time=0.366..25.171 rows=2060 loops=1)
         Output: document_number, document_type, responsible_employee, internal_department, effective_from, effective_until, secrecy_level
         Filter: ((documents.effective_until IS NOT NULL) AND (documents.effective_until >= '2024-01-01'::date) AND (documents.secrecy_level = 'секретно'::text) AND (documents.internal_department = ANY ('{Подразделение_3,Подразделение_7,Подразделение_13}'::text[])))
         Rows Removed by Filter: 97940
         Buffers: shared hit=4226
 Planning:
   Buffers: shared hit=128
 Planning Time: 0.427 ms
 Execution Time: 26.670 ms
(14 rows)

Time: 29.878 ms
                              query_name                              
----------------------------------------------------------------------
 Q2. Агрегация операций сотрудника за период с соединением документов
(1 row)

Time: 0.676 ms
                                                                                                                    QUERY PLAN                                                                                                                    
--------------------------------------------------------------------------------------------------------------------------------------------------------------------------------------------------------------------------------------------------
 Sort  (cost=12466.88..12467.13 rows=100 width=59) (actual time=28.126..34.336 rows=100 loops=1)
   Output: d.responsible_employee, d.internal_department, (count(*))
   Sort Key: (count(*)) DESC, d.responsible_employee, d.internal_department
   Sort Method: quicksort  Memory: 33kB
   Buffers: shared hit=8743
   ->  Finalize GroupAggregate  (cost=12423.55..12463.56 rows=100 width=59) (actual time=27.595..34.206 rows=100 loops=1)
         Output: d.responsible_employee, d.internal_department, count(*)
         Group Key: d.responsible_employee, d.internal_department
         Buffers: shared hit=8740
         ->  Gather Merge  (cost=12423.55..12461.06 rows=200 width=59) (actual time=27.588..34.154 rows=300 loops=1)
               Output: d.responsible_employee, d.internal_department, (PARTIAL count(*))
               Workers Planned: 2
               Workers Launched: 2
               Buffers: shared hit=8740
               ->  Partial GroupAggregate  (cost=11423.53..11437.95 rows=100 width=59) (actual time=23.523..23.707 rows=100 loops=3)
                     Output: d.responsible_employee, d.internal_department, PARTIAL count(*)
                     Group Key: d.responsible_employee, d.internal_department
                     Buffers: shared hit=8740
                     Worker 0:  actual time=21.715..21.835 rows=100 loops=1
                       Buffers: shared hit=2432
                     Worker 1:  actual time=21.777..21.941 rows=100 loops=1
                       Buffers: shared hit=2241
                     ->  Sort  (cost=11423.53..11426.89 rows=1342 width=51) (actual time=23.516..23.576 rows=1080 loops=3)
                           Output: d.responsible_employee, d.internal_department
                           Sort Key: d.responsible_employee, d.internal_department
                           Sort Method: quicksort  Memory: 167kB
                           Buffers: shared hit=8740
                           Worker 0:  actual time=21.708..21.742 rows=896 loops=1
                             Sort Method: quicksort  Memory: 95kB
                             Buffers: shared hit=2432
                           Worker 1:  actual time=21.770..21.811 rows=826 loops=1
                             Sort Method: quicksort  Memory: 89kB
                             Buffers: shared hit=2241
                           ->  Parallel Hash Join  (cost=6638.57..11353.81 rows=1342 width=51) (actual time=12.866..21.633 rows=1080 loops=3)
                                 Output: d.responsible_employee, d.internal_department
                                 Hash Cond: (d.document_number = o.document_number)
                                 Buffers: shared hit=8666
                                 Worker 0:  actual time=11.192..20.002 rows=896 loops=1
                                   Buffers: shared hit=2395
                                 Worker 1:  actual time=11.362..20.155 rows=826 loops=1
                                   Buffers: shared hit=2204
                                 ->  Parallel Seq Scan on public.documents d  (cost=0.00..4642.67 rows=17883 width=63) (actual time=0.012..7.133 rows=14285 loops=3)
                                       Output: d.document_number, d.document_type, d.responsible_employee, d.document_content, d.internal_department, d.effective_from, d.effective_until, d.secrecy_level
                                       Filter: (d.secrecy_level IS NOT NULL)
                                       Rows Removed by Filter: 19048
                                       Buffers: shared hit=4226
                                       Worker 0:  actual time=0.013..7.363 rows=11894 loops=1
                                         Buffers: shared hit=1173
                                       Worker 1:  actual time=0.014..7.356 rows=11290 loops=1
                                         Buffers: shared hit=1113
                                 ->  Parallel Hash  (cost=6599.50..6599.50 rows=3126 width=12) (actual time=12.536..12.536 rows=2522 loops=3)
                                       Output: o.document_number
                                       Buckets: 8192  Batches: 1  Memory Usage: 480kB
                                       Buffers: shared hit=4412
                                       Worker 0:  actual time=11.055..11.056 rows=2085 loops=1
                                         Buffers: shared hit=1208
                                       Worker 1:  actual time=11.174..11.174 rows=1830 loops=1
                                         Buffers: shared hit=1077
                                       ->  Parallel Seq Scan on public.document_operations o  (cost=0.00..6599.50 rows=3126 width=12) (actual time=0.018..11.853 rows=2522 loops=3)
                                             Output: o.document_number
                                             Filter: ((o.change_date >= '2024-06-01 00:00:00'::timestamp without time zone) AND (o.change_date < '2024-09-01 00:00:00'::timestamp without time zone) AND (o.employee_name = 'Сотрудник_В'::text))
                                             Rows Removed by Filter: 97478
                                             Buffers: shared hit=4412
                                             Worker 0:  actual time=0.020..10.436 rows=2085 loops=1
                                               Buffers: shared hit=1208
                                             Worker 1:  actual time=0.023..10.510 rows=1830 loops=1
                                               Buffers: shared hit=1077
 Planning:
   Buffers: shared hit=97
 Planning Time: 0.579 ms
 Execution Time: 34.391 ms
(71 rows)

Time: 36.651 ms
                                 query_name                                 
----------------------------------------------------------------------------
 Q3. Поиск несекретных документов, по которым были изменения срока действия
(1 row)

Time: 0.768 ms
                                                                                                                              QUERY PLAN                                                                                                                               
-----------------------------------------------------------------------------------------------------------------------------------------------------------------------------------------------------------------------------------------------------------------------
 Sort  (cost=12571.48..12571.53 rows=20 width=37) (actual time=44.355..49.525 rows=20 loops=1)
   Output: d.internal_department, (count(*))
   Sort Key: (count(*)) DESC, d.internal_department
   Sort Method: quicksort  Memory: 26kB
   Buffers: shared hit=8660
   ->  Finalize GroupAggregate  (cost=12565.98..12571.05 rows=20 width=37) (actual time=44.239..49.511 rows=20 loops=1)
         Output: d.internal_department, count(*)
         Group Key: d.internal_department
         Buffers: shared hit=8660
         ->  Gather Merge  (cost=12565.98..12570.65 rows=40 width=37) (actual time=44.230..49.430 rows=60 loops=1)
               Output: d.internal_department, (PARTIAL count(*))
               Workers Planned: 2
               Workers Launched: 2
               Buffers: shared hit=8660
               ->  Sort  (cost=11565.96..11566.01 rows=20 width=37) (actual time=39.905..39.908 rows=20 loops=3)
                     Output: d.internal_department, (PARTIAL count(*))
                     Sort Key: d.internal_department
                     Sort Method: quicksort  Memory: 26kB
                     Buffers: shared hit=8660
                     Worker 0:  actual time=37.368..37.372 rows=20 loops=1
                       Sort Method: quicksort  Memory: 26kB
                       Buffers: shared hit=2585
                     Worker 1:  actual time=38.612..38.616 rows=20 loops=1
                       Sort Method: quicksort  Memory: 26kB
                       Buffers: shared hit=2750
                     ->  Partial HashAggregate  (cost=11565.33..11565.53 rows=20 width=37) (actual time=39.792..39.798 rows=20 loops=3)
                           Output: d.internal_department, PARTIAL count(*)
                           Group Key: d.internal_department
                           Batches: 1  Memory Usage: 24kB
                           Buffers: shared hit=8644
                           Worker 0:  actual time=37.236..37.241 rows=20 loops=1
                             Batches: 1  Memory Usage: 24kB
                             Buffers: shared hit=2577
                           Worker 1:  actual time=38.502..38.506 rows=20 loops=1
                             Batches: 1  Memory Usage: 24kB
                             Buffers: shared hit=2742
                           ->  Parallel Hash Semi Join  (cost=6750.62..11531.34 rows=6798 width=29) (actual time=21.460..37.820 rows=5531 loops=3)
                                 Output: d.internal_department
                                 Hash Cond: (d.document_number = o.document_number)
                                 Buffers: shared hit=8644
                                 Worker 0:  actual time=18.858..35.901 rows=5384 loops=1
                                   Buffers: shared hit=2577
                                 Worker 1:  actual time=20.139..37.282 rows=5813 loops=1
                                   Buffers: shared hit=2742
                                 ->  Parallel Seq Scan on public.documents d  (cost=0.00..4642.67 rows=23783 width=41) (actual time=0.013..11.539 rows=19048 loops=3)
                                       Output: d.document_number, d.document_type, d.responsible_employee, d.document_content, d.internal_department, d.effective_from, d.effective_until, d.secrecy_level
                                       Filter: (d.secrecy_level IS NULL)
                                       Rows Removed by Filter: 14285
                                       Buffers: shared hit=4226
                                       Worker 0:  actual time=0.016..12.423 rows=18526 loops=1
                                         Buffers: shared hit=1368
                                       Worker 1:  actual time=0.016..12.730 rows=20034 loops=1
                                         Buffers: shared hit=1483
                                 ->  Parallel Hash  (cost=6599.50..6599.50 rows=12090 width=12) (actual time=20.971..20.971 rows=9678 loops=3)
                                       Output: o.document_number
                                       Buckets: 32768  Batches: 1  Memory Usage: 1664kB
                                       Buffers: shared hit=4412
                                       Worker 0:  actual time=18.704..18.705 rows=7773 loops=1
                                         Buffers: shared hit=1206
                                       Worker 1:  actual time=19.994..19.994 rows=8309 loops=1
                                         Buffers: shared hit=1256
                                       ->  Parallel Seq Scan on public.document_operations o  (cost=0.00..6599.50 rows=12090 width=12) (actual time=0.018..17.107 rows=9678 loops=3)
                                             Output: o.document_number
                                             Filter: ((o.change_date >= '2024-01-01 00:00:00'::timestamp without time zone) AND (o.change_date < '2025-01-01 00:00:00'::timestamp without time zone) AND (o.operation_description = 'Изменение срока действия'::text))
                                             Rows Removed by Filter: 90322
                                             Buffers: shared hit=4412
                                             Worker 0:  actual time=0.022..15.487 rows=7773 loops=1
                                               Buffers: shared hit=1206
                                             Worker 1:  actual time=0.024..17.187 rows=8309 loops=1
                                               Buffers: shared hit=1256
 Planning:
   Buffers: shared hit=13
 Planning Time: 0.309 ms
 Execution Time: 49.575 ms
(74 rows)

Time: 51.111 ms
