Pager usage is off.
Timing is on.
SET
Time: 0.596 ms
psql:sql/07_measure_5_runs.sql:7: NOTICE:  table "lab5_measurements" does not exist, skipping
DROP TABLE
Time: 2.018 ms
CREATE TABLE
Time: 12.388 ms
CREATE FUNCTION
Time: 10.462 ms
DROP INDEX
Time: 4.377 ms
DROP INDEX
Time: 1.731 ms
DROP INDEX
Time: 1.677 ms
DROP INDEX
Time: 2.521 ms
DROP INDEX
Time: 1.940 ms
ANALYZE
Time: 558.400 ms
ANALYZE
Time: 188.002 ms
                 stage                 
---------------------------------------
 BASELINE: индексы оптимизации удалены
(1 row)

Time: 1.110 ms
 lab5_measure_query 
--------------------
 
(1 row)

Time: 76.142 ms
 lab5_measure_query 
--------------------
 
(1 row)

Time: 137.533 ms
 lab5_measure_query 
--------------------
 
(1 row)

Time: 244.477 ms
CREATE INDEX
Time: 147.031 ms
CREATE INDEX
Time: 488.156 ms
CREATE INDEX
Time: 539.192 ms
CREATE INDEX
Time: 132.954 ms
CREATE INDEX
Time: 56.188 ms
ANALYZE
Time: 481.993 ms
ANALYZE
Time: 170.437 ms
                 stage                  
----------------------------------------
 OPTIMIZED: индексы оптимизации созданы
(1 row)

Time: 0.718 ms
 lab5_measure_query 
--------------------
 
(1 row)

Time: 17.864 ms
 lab5_measure_query 
--------------------
 
(1 row)

Time: 76.484 ms
 lab5_measure_query 
--------------------
 
(1 row)

Time: 138.819 ms
   stage   | query_name | run_number | planning_ms | execution_ms 
-----------+------------+------------+-------------+--------------
 baseline  | Q1         |          1 |       0.059 |       12.791
 baseline  | Q1         |          2 |       0.056 |       10.760
 baseline  | Q1         |          3 |       0.060 |       11.604
 baseline  | Q1         |          4 |       0.059 |       11.672
 baseline  | Q1         |          5 |       0.061 |       10.642
 optimized | Q1         |          1 |       0.091 |        2.028
 optimized | Q1         |          2 |       0.105 |        3.337
 optimized | Q1         |          3 |       0.116 |        2.456
 optimized | Q1         |          4 |       0.070 |        1.926
 optimized | Q1         |          5 |       0.095 |        1.927
 baseline  | Q2         |          1 |       0.166 |       24.745
 baseline  | Q2         |          2 |       0.152 |       19.851
 baseline  | Q2         |          3 |       0.156 |       19.170
 baseline  | Q2         |          4 |       0.157 |       23.652
 baseline  | Q2         |          5 |       0.155 |       19.813
 optimized | Q2         |          1 |       0.287 |       12.157
 optimized | Q2         |          2 |       0.197 |        9.471
 optimized | Q2         |          3 |       0.281 |        9.680
 optimized | Q2         |          4 |       0.266 |       10.746
 optimized | Q2         |          5 |       0.234 |       10.541
 baseline  | Q3         |          1 |       0.157 |       35.672
 baseline  | Q3         |          2 |       0.196 |       43.794
 baseline  | Q3         |          3 |       0.171 |       40.446
 baseline  | Q3         |          4 |       0.220 |       38.531
 baseline  | Q3         |          5 |       0.183 |       45.099
 optimized | Q3         |          1 |       0.183 |       20.921
 optimized | Q3         |          2 |       0.306 |       20.259
 optimized | Q3         |          3 |       0.175 |       18.557
 optimized | Q3         |          4 |       0.217 |       19.138
 optimized | Q3         |          5 |       0.183 |       19.197
(30 rows)

Time: 0.995 ms
 query_name |   stage   | avg_execution_ms | min_execution_ms | max_execution_ms | stddev_execution_ms 
------------+-----------+------------------+------------------+------------------+---------------------
 Q1         | baseline  |           11.494 |           10.642 |           12.791 |               0.865
 Q1         | optimized |            2.335 |            1.926 |            3.337 |               0.601
 Q2         | baseline  |           21.446 |           19.170 |           24.745 |               2.556
 Q2         | optimized |           10.519 |            9.471 |           12.157 |               1.065
 Q3         | baseline  |           40.708 |           35.672 |           45.099 |               3.840
 Q3         | optimized |           19.614 |           18.557 |           20.921 |               0.954
(6 rows)

Time: 3.731 ms
 query_name | baseline_avg_ms | optimized_avg_ms | speedup_ratio | improvement_percent 
------------+-----------------+------------------+---------------+---------------------
 Q1         |          11.494 |            2.335 |         4.923 |               79.69
 Q2         |          21.446 |           10.519 |         2.039 |               50.95
 Q3         |          40.708 |           19.614 |         2.075 |               51.82
(3 rows)

Time: 2.027 ms
COPY 30
Time: 1.118 ms
psql:sql/07_measure_5_runs.sql:352: error: \copy: parse error at end of line
