Pager usage is off.
Timing is on.
SET
Time: 0.510 ms
DROP TABLE
Time: 12.251 ms
CREATE TABLE
Time: 2.674 ms
CREATE TABLE
Time: 5.648 ms
CREATE TABLE
Time: 3.618 ms
CREATE TABLE
Time: 4.450 ms
CREATE TABLE
Time: 3.832 ms
CREATE TABLE
Time: 3.850 ms
CREATE TABLE
Time: 3.963 ms
CREATE TABLE
Time: 3.558 ms
CREATE TABLE
Time: 3.525 ms
CREATE TABLE
Time: 3.731 ms
INSERT 0 300000
Time: 474.012 ms
ANALYZE
Time: 867.388 ms
ANALYZE
Time: 509.437 ms
                      info                       
-------------------------------------------------
 Размер и распределение секционированной таблицы
(1 row)

Time: 0.560 ms
          partition_name          | row_count 
----------------------------------+-----------
 document_operations_part_2024_q1 |     37398
 document_operations_part_2024_q2 |     37401
 document_operations_part_2024_q3 |     37812
 document_operations_part_2024_q4 |     37812
 document_operations_part_2025_q1 |     36986
 document_operations_part_2025_q2 |     37393
 document_operations_part_2025_q3 |     37805
 document_operations_part_2025_q4 |     37393
(8 rows)

Time: 19.485 ms
                                test_name                                 
--------------------------------------------------------------------------
 Q2 on partitioned table: date pruning should read only needed partitions
(1 row)

Time: 0.586 ms
                                                                                                              QUERY PLAN                                                                                                              
--------------------------------------------------------------------------------------------------------------------------------------------------------------------------------------------------------------------------------------
 Sort  (cost=4381.89..4382.14 rows=100 width=59) (actual time=38.819..38.823 rows=100 loops=1)
   Output: d.responsible_employee, d.internal_department, (count(*))
   Sort Key: (count(*)) DESC, d.responsible_employee, d.internal_department
   Sort Method: quicksort  Memory: 33kB
   Buffers: shared hit=23805 read=2
   ->  HashAggregate  (cost=4377.57..4378.57 rows=100 width=59) (actual time=38.732..38.741 rows=100 loops=1)
         Output: d.responsible_employee, d.internal_department, count(*)
         Group Key: d.responsible_employee, d.internal_department
         Batches: 1  Memory Usage: 48kB
         Buffers: shared hit=23802 read=2
         ->  Nested Loop  (cost=0.42..4353.34 rows=3231 width=51) (actual time=0.082..38.002 rows=3241 loops=1)
               Output: d.responsible_employee, d.internal_department
               Inner Unique: true
               Buffers: shared hit=23802 read=2
               ->  Append  (cost=0.00..2462.04 rows=7562 width=12) (actual time=0.006..6.023 rows=7565 loops=1)
                     Buffers: shared hit=1108
                     ->  Seq Scan on public.document_operations_part_2024_q2 o_1  (cost=0.00..1205.52 rows=2465 width=12) (actual time=0.006..2.664 rows=2466 loops=1)
                           Output: o_1.document_number
                           Filter: ((o_1.change_date >= '2024-06-01 00:00:00'::timestamp without time zone) AND (o_1.change_date < '2024-09-01 00:00:00'::timestamp without time zone) AND (o_1.employee_name = 'Сотрудник_В'::text))
                           Rows Removed by Filter: 34935
                           Buffers: shared hit=551
                     ->  Seq Scan on public.document_operations_part_2024_q3 o_2  (cost=0.00..1218.71 rows=5097 width=12) (actual time=0.007..2.945 rows=5099 loops=1)
                           Output: o_2.document_number
                           Filter: ((o_2.change_date >= '2024-06-01 00:00:00'::timestamp without time zone) AND (o_2.change_date < '2024-09-01 00:00:00'::timestamp without time zone) AND (o_2.employee_name = 'Сотрудник_В'::text))
                           Rows Removed by Filter: 32713
                           Buffers: shared hit=557
               ->  Memoize  (cost=0.42..0.68 rows=1 width=63) (actual time=0.004..0.004 rows=0 loops=7565)
                     Output: d.responsible_employee, d.internal_department, d.document_number
                     Cache Key: o.document_number
                     Cache Mode: logical
                     Hits: 0  Misses: 7565  Evictions: 0  Overflows: 0  Memory Usage: 864kB
                     Buffers: shared hit=22694 read=2
                     ->  Index Only Scan using idx_documents_q2_secret_document_employee_department on public.documents d  (cost=0.41..0.67 rows=1 width=63) (actual time=0.004..0.004 rows=0 loops=7565)
                           Output: d.responsible_employee, d.internal_department, d.document_number
                           Index Cond: (d.document_number = o.document_number)
                           Heap Fetches: 0
                           Buffers: shared hit=22694 read=2
 Planning:
   Buffers: shared hit=126
 Planning Time: 0.582 ms
 Execution Time: 38.858 ms
(41 rows)

Time: 41.129 ms
                               test_name                                
------------------------------------------------------------------------
 Q3 on partitioned table: date pruning should read only 2024 partitions
(1 row)

Time: 0.519 ms
                                                                                                                                    QUERY PLAN                                                                                                                                     
-----------------------------------------------------------------------------------------------------------------------------------------------------------------------------------------------------------------------------------------------------------------------------------
 Sort  (cost=7503.24..7503.29 rows=20 width=37) (actual time=24.612..26.968 rows=20 loops=1)
   Output: d.internal_department, (count(*))
   Sort Key: (count(*)) DESC, d.internal_department
   Sort Method: quicksort  Memory: 26kB
   Buffers: shared hit=2711
   ->  Finalize GroupAggregate  (cost=7497.74..7502.81 rows=20 width=37) (actual time=24.587..26.961 rows=20 loops=1)
         Output: d.internal_department, count(*)
         Group Key: d.internal_department
         Buffers: shared hit=2711
         ->  Gather Merge  (cost=7497.74..7502.41 rows=40 width=37) (actual time=24.582..26.951 rows=60 loops=1)
               Output: d.internal_department, (PARTIAL count(*))
               Workers Planned: 2
               Workers Launched: 2
               Buffers: shared hit=2711
               ->  Sort  (cost=6497.72..6497.77 rows=20 width=37) (actual time=22.368..22.372 rows=20 loops=3)
                     Output: d.internal_department, (PARTIAL count(*))
                     Sort Key: d.internal_department
                     Sort Method: quicksort  Memory: 26kB
                     Buffers: shared hit=2711
                     Worker 0:  actual time=21.261..21.265 rows=20 loops=1
                       Sort Method: quicksort  Memory: 26kB
                       Buffers: shared hit=734
                     Worker 1:  actual time=21.507..21.511 rows=20 loops=1
                       Sort Method: quicksort  Memory: 26kB
                       Buffers: shared hit=754
                     ->  Partial HashAggregate  (cost=6497.09..6497.29 rows=20 width=37) (actual time=22.314..22.318 rows=20 loops=3)
                           Output: d.internal_department, PARTIAL count(*)
                           Group Key: d.internal_department
                           Batches: 1  Memory Usage: 24kB
                           Buffers: shared hit=2695
                           Worker 0:  actual time=21.198..21.202 rows=20 loops=1
                             Batches: 1  Memory Usage: 24kB
                             Buffers: shared hit=726
                           Worker 1:  actual time=21.438..21.443 rows=20 loops=1
                             Batches: 1  Memory Usage: 24kB
                             Buffers: shared hit=746
                           ->  Parallel Hash Semi Join  (cost=3975.95..6485.46 rows=2325 width=29) (actual time=7.970..21.548 rows=5531 loops=3)
                                 Output: d.internal_department
                                 Hash Cond: (d.document_number = o.document_number)
                                 Buffers: shared hit=2695
                                 Worker 0:  actual time=6.880..20.414 rows=5667 loops=1
                                   Buffers: shared hit=726
                                 Worker 1:  actual time=7.098..20.716 rows=5233 loops=1
                                   Buffers: shared hit=746
                                 ->  Parallel Index Only Scan using idx_documents_q3_public_document_department on public.documents d  (cost=0.41..2421.42 rows=23864 width=41) (actual time=0.057..10.518 rows=19048 loops=3)
                                       Output: d.document_number, d.internal_department
                                       Heap Fetches: 0
                                       Buffers: shared hit=474
                                       Worker 0:  actual time=0.086..10.467 rows=19446 loops=1
                                         Buffers: shared hit=161
                                       Worker 1:  actual time=0.041..10.629 rows=18056 loops=1
                                         Buffers: shared hit=149
                                 ->  Parallel Hash  (cost=3824.06..3824.06 rows=12118 width=12) (actual time=7.701..7.703 rows=9678 loops=3)
                                       Output: o.document_number
                                       Buckets: 32768  Batches: 1  Memory Usage: 1664kB
                                       Buffers: shared hit=2215
                                       Worker 0:  actual time=6.704..6.706 rows=7352 loops=1
                                         Buffers: shared hit=562
                                       Worker 1:  actual time=6.956..6.958 rows=7681 loops=1
                                         Buffers: shared hit=594
                                       ->  Parallel Append  (cost=0.00..3824.06 rows=12118 width=12) (actual time=0.006..5.769 rows=9678 loops=3)
                                             Buffers: shared hit=2215
                                             Worker 0:  actual time=0.006..4.956 rows=7352 loops=1
                                               Buffers: shared hit=562
                                             Worker 1:  actual time=0.006..5.563 rows=7681 loops=1
                                               Buffers: shared hit=594
                                             ->  Parallel Seq Scan on public.document_operations_part_2024_q3 o_3  (cost=0.00..946.24 rows=4285 width=12) (actual time=0.006..4.952 rows=7286 loops=1)
                                                   Output: o_3.document_number
                                                   Filter: ((o_3.change_date >= '2024-01-01 00:00:00'::timestamp without time zone) AND (o_3.change_date < '2025-01-01 00:00:00'::timestamp without time zone) AND (o_3.operation_description = 'Изменение срока действия'::text))
                                                   Rows Removed by Filter: 30526
                                                   Buffers: shared hit=557
                                                   Worker 1:  actual time=0.006..4.952 rows=7286 loops=1
                                                     Buffers: shared hit=557
                                             ->  Parallel Seq Scan on public.document_operations_part_2024_q4 o_4  (cost=0.00..946.24 rows=4294 width=12) (actual time=0.006..4.550 rows=7304 loops=1)
                                                   Output: o_4.document_number
                                                   Filter: ((o_4.change_date >= '2024-01-01 00:00:00'::timestamp without time zone) AND (o_4.change_date < '2025-01-01 00:00:00'::timestamp without time zone) AND (o_4.operation_description = 'Изменение срока действия'::text))
                                                   Rows Removed by Filter: 30508
                                                   Buffers: shared hit=557
                                                   Worker 0:  actual time=0.006..4.550 rows=7304 loops=1
                                                     Buffers: shared hit=557
                                             ->  Parallel Seq Scan on public.document_operations_part_2024_q2 o_2  (cost=0.00..936.01 rows=4270 width=12) (actual time=0.006..1.109 rows=2410 loops=3)
                                                   Output: o_2.document_number
                                                   Filter: ((o_2.change_date >= '2024-01-01 00:00:00'::timestamp without time zone) AND (o_2.change_date < '2025-01-01 00:00:00'::timestamp without time zone) AND (o_2.operation_description = 'Изменение срока действия'::text))
                                                   Rows Removed by Filter: 10057
                                                   Buffers: shared hit=551
                                                   Worker 0:  actual time=0.008..0.029 rows=48 loops=1
                                                     Buffers: shared hit=5
                                                   Worker 1:  actual time=0.006..0.205 rows=395 loops=1
                                                     Buffers: shared hit=37
                                             ->  Parallel Seq Scan on public.document_operations_part_2024_q1 o_1  (cost=0.00..934.98 rows=4258 width=12) (actual time=0.005..2.994 rows=7214 loops=1)
                                                   Output: o_1.document_number
                                                   Filter: ((o_1.change_date >= '2024-01-01 00:00:00'::timestamp without time zone) AND (o_1.change_date < '2025-01-01 00:00:00'::timestamp without time zone) AND (o_1.operation_description = 'Изменение срока действия'::text))
                                                   Rows Removed by Filter: 30184
                                                   Buffers: shared hit=550
 Planning:
   Buffers: shared hit=32
 Planning Time: 0.268 ms
 Execution Time: 26.996 ms
(98 rows)

Time: 28.390 ms
