Pager usage is off.
Timing is on.
SET
Time: 0.448 ms
psql:sql/11_materialized_views_optimization.sql:7: NOTICE:  materialized view "mv_employee_document_month_operations" does not exist, skipping
DROP MATERIALIZED VIEW
Time: 0.677 ms
psql:sql/11_materialized_views_optimization.sql:8: NOTICE:  materialized view "mv_changed_documents_year" does not exist, skipping
DROP MATERIALIZED VIEW
Time: 0.495 ms
SELECT 300000
Time: 566.921 ms
SELECT 57894
Time: 77.630 ms
ANALYZE
Time: 106.520 ms
ANALYZE
Time: 68.758 ms
                  info                   
-----------------------------------------
 Размеры материализованных представлений
(1 row)

Time: 0.672 ms
             relation_name             | row_count 
---------------------------------------+-----------
 mv_employee_document_month_operations |    300000
 mv_changed_documents_year             |     57894
(2 rows)

Time: 18.433 ms
                   test_name                    
------------------------------------------------
 Q2 using materialized monthly operation counts
(1 row)

Time: 0.551 ms
                                                                                                               QUERY PLAN                                                                                                               
----------------------------------------------------------------------------------------------------------------------------------------------------------------------------------------------------------------------------------------
 Sort  (cost=9366.44..9366.69 rows=100 width=83) (actual time=41.325..43.483 rows=100 loops=1)
   Output: d.responsible_employee, d.internal_department, (sum(m.operation_count))
   Sort Key: (sum(m.operation_count)) DESC, d.responsible_employee, d.internal_department
   Sort Method: quicksort  Memory: 33kB
   Buffers: shared hit=2925 read=449
   ->  Finalize GroupAggregate  (cost=9322.42..9363.12 rows=100 width=83) (actual time=40.943..43.384 rows=100 loops=1)
         Output: d.responsible_employee, d.internal_department, sum(m.operation_count)
         Group Key: d.responsible_employee, d.internal_department
         Buffers: shared hit=2922 read=449
         ->  Gather Merge  (cost=9322.42..9359.87 rows=200 width=83) (actual time=40.871..43.258 rows=300 loops=1)
               Output: d.responsible_employee, d.internal_department, (PARTIAL sum(m.operation_count))
               Workers Planned: 2
               Workers Launched: 2
               Buffers: shared hit=2922 read=449
               ->  Partial GroupAggregate  (cost=8322.40..8336.76 rows=100 width=83) (actual time=38.076..38.223 rows=100 loops=3)
                     Output: d.responsible_employee, d.internal_department, PARTIAL sum(m.operation_count)
                     Group Key: d.responsible_employee, d.internal_department
                     Buffers: shared hit=2922 read=449
                     Worker 0:  actual time=36.876..37.028 rows=100 loops=1
                       Buffers: shared hit=894 read=155
                     Worker 1:  actual time=37.055..37.196 rows=100 loops=1
                       Buffers: shared hit=791 read=148
                     ->  Sort  (cost=8322.40..8325.67 rows=1311 width=59) (actual time=38.068..38.104 rows=1080 loops=3)
                           Output: d.responsible_employee, d.internal_department, m.operation_count
                           Sort Key: d.responsible_employee, d.internal_department
                           Sort Method: quicksort  Memory: 139kB
                           Buffers: shared hit=2922 read=449
                           Worker 0:  actual time=36.868..36.904 rows=1141 loops=1
                             Sort Method: quicksort  Memory: 147kB
                             Buffers: shared hit=894 read=155
                           Worker 1:  actual time=37.046..37.079 rows=1046 loops=1
                             Sort Method: quicksort  Memory: 138kB
                             Buffers: shared hit=791 read=148
                           ->  Parallel Hash Join  (cost=5958.88..8254.51 rows=1311 width=59) (actual time=8.444..36.370 rows=1080 loops=3)
                                 Output: d.responsible_employee, d.internal_department, m.operation_count
                                 Hash Cond: (d.document_number = m.document_number)
                                 Buffers: shared hit=2848 read=449
                                 Worker 0:  actual time=7.250..35.043 rows=1141 loops=1
                                   Buffers: shared hit=857 read=155
                                 Worker 1:  actual time=7.248..35.378 rows=1046 loops=1
                                   Buffers: shared hit=754 read=148
                                 ->  Parallel Index Only Scan using idx_documents_q2_secret_document_employee_department on public.documents d  (cost=0.41..2199.47 rows=17775 width=63) (actual time=1.038..26.935 rows=14285 loops=3)
                                       Output: d.document_number, d.responsible_employee, d.internal_department
                                       Heap Fetches: 0
                                       Buffers: shared hit=4 read=449
                                       Worker 0:  actual time=1.097..26.791 rows=14880 loops=1
                                         Buffers: shared hit=1 read=155
                                       Worker 1:  actual time=0.774..26.919 rows=13960 loops=1
                                         Buffers: shared hit=2 read=148
                                 ->  Parallel Hash  (cost=5904.24..5904.24 rows=4338 width=20) (actual time=6.950..6.950 rows=2522 loops=3)
                                       Output: m.operation_count, m.document_number
                                       Buckets: 8192  Batches: 1  Memory Usage: 512kB
                                       Buffers: shared hit=2816
                                       Worker 0:  actual time=5.979..5.980 rows=2236 loops=1
                                         Buffers: shared hit=842
                                       Worker 1:  actual time=6.367..6.367 rows=1992 loops=1
                                         Buffers: shared hit=738
                                       ->  Parallel Seq Scan on public.mv_employee_document_month_operations m  (cost=0.00..5904.24 rows=4338 width=20) (actual time=0.009..6.492 rows=2522 loops=3)
                                             Output: m.operation_count, m.document_number
                                             Filter: ((m.month_start >= '2024-06-01'::date) AND (m.month_start < '2024-09-01'::date) AND (m.employee_name = 'Сотрудник_В'::text))
                                             Rows Removed by Filter: 97478
                                             Buffers: shared hit=2816
                                             Worker 0:  actual time=0.010..5.586 rows=2236 loops=1
                                               Buffers: shared hit=842
                                             Worker 1:  actual time=0.011..5.980 rows=1992 loops=1
                                               Buffers: shared hit=738
 Planning:
   Buffers: shared hit=177 read=3 dirtied=1
 Planning Time: 1.220 ms
 Execution Time: 43.511 ms
(70 rows)

Time: 46.343 ms
                 test_name                  
--------------------------------------------
 Q3 using materialized changed-document set
(1 row)

Time: 0.589 ms
                                                                                             QUERY PLAN                                                                                             
----------------------------------------------------------------------------------------------------------------------------------------------------------------------------------------------------
 Sort  (cost=4691.58..4691.63 rows=20 width=37) (actual time=37.192..37.196 rows=20 loops=1)
   Output: d.internal_department, (count(*))
   Sort Key: (count(*)) DESC, d.internal_department
   Sort Method: quicksort  Memory: 26kB
   Buffers: shared hit=385 read=471
   ->  HashAggregate  (cost=4690.95..4691.15 rows=20 width=37) (actual time=37.172..37.177 rows=20 loops=1)
         Output: d.internal_department, count(*)
         Group Key: d.internal_department
         Batches: 1  Memory Usage: 24kB
         Buffers: shared hit=385 read=471
         ->  Hash Join  (cost=1470.48..4607.83 rows=16623 width=29) (actual time=7.026..34.754 rows=16592 loops=1)
               Output: d.internal_department
               Hash Cond: (d.document_number = m.document_number)
               Buffers: shared hit=385 read=471
               ->  Index Only Scan using idx_documents_q3_public_document_department on public.documents d  (cost=0.41..2756.51 rows=57340 width=41) (actual time=0.658..16.028 rows=57144 loops=1)
                     Output: d.document_number, d.internal_department
                     Heap Fetches: 0
                     Buffers: shared hit=1 read=471
               ->  Hash  (cost=1107.68..1107.68 rows=28991 width=12) (actual time=6.339..6.340 rows=29034 loops=1)
                     Output: m.document_number
                     Buckets: 32768  Batches: 1  Memory Usage: 1504kB
                     Buffers: shared hit=384
                     ->  Seq Scan on public.mv_changed_documents_year m  (cost=0.00..1107.68 rows=28991 width=12) (actual time=0.011..3.715 rows=29034 loops=1)
                           Output: m.document_number
                           Filter: (m.year_start = '2024-01-01'::date)
                           Rows Removed by Filter: 28860
                           Buffers: shared hit=384
 Planning:
   Buffers: shared hit=24
 Planning Time: 0.219 ms
 Execution Time: 37.227 ms
(31 rows)

Time: 38.548 ms
