Pager usage is off.
=== Таблица documents ===
 document_number |     document_type      | responsible_employee |                                                document_content                                                 | internal_department | effective_from | effective_until | secrecy_level 
-----------------+------------------------+----------------------+-----------------------------------------------------------------------------------------------------------------+---------------------+----------------+-----------------+---------------
 DOC-001         | Регламент              | Сотрудник_А          | {"title": "Регламент эксплуатации рабочих станций", "summary": "Общие правила эксплуатации", "version": 1}      | Подразделение_1     | 2024-01-10     | 2026-01-10      | 
 DOC-002         | План реагирования      | Сотрудник_А          | {"title": "План реагирования на инциденты", "summary": "Порядок действий при инцидентах", "version": 2}         | Подразделение_1     | 2024-02-01     | 2026-02-01      | секретно
 DOC-003         | Инструкция             | Сотрудник_Б          | {"title": "Инструкция по смене паролей", "summary": "Порядок смены паролей", "version": 1}                      | Подразделение_2     | 2024-03-01     | 2025-03-01      | 
 DOC-004         | Модель угроз           | Сотрудник_Б          | {"title": "Модель угроз внутренней системы", "summary": "Описание актуальных угроз", "version": 1}              | Подразделение_2     | 2024-04-01     | 2026-04-01      | ДСП
 DOC-005         | Приказ                 | Сотрудник_В          | {"title": "Приказ о документообороте", "summary": "Порядок регистрации документов", "version": 3}               | Подразделение_3     | 2024-05-01     | 2025-05-01      | 
 DOC-006         | Служебная записка      | Сотрудник_В          | {"title": "Служебная записка по внутренней проверке", "summary": "Материалы внутренней проверки", "version": 1} | Подразделение_3     | 2024-06-01     | 2025-06-01      | секретно
 DOC-007         | Юридическое заключение | Сотрудник_Г          | {"title": "Заключение по договору", "summary": "Правовая оценка договора", "version": 1}                        | Подразделение_4     | 2024-07-01     | 2025-07-01      | ДСП
 DOC-008         | Финансовая справка     | Сотрудник_Д          | {"title": "Справка о расходах", "summary": "Финансовая информация общего характера", "version": 1}              | Подразделение_5     | 2024-08-01     | 2025-08-01      | 
(8 rows)

=== Таблица document_operations ===
 employee_name | document_number |     change_date     |     operation_description     
---------------+-----------------+---------------------+-------------------------------
 Сотрудник_А   | DOC-001         | 2024-01-11 10:00:00 | Создание документа
 Сотрудник_Б   | DOC-001         | 2024-01-12 11:30:00 | Проверка документа
 Сотрудник_А   | DOC-002         | 2024-02-02 09:15:00 | Создание секретного документа
 Сотрудник_В   | DOC-002         | 2024-02-03 14:20:00 | Регистрация входящей операции
 Сотрудник_Б   | DOC-003         | 2024-03-02 12:00:00 | Создание инструкции
 Сотрудник_Б   | DOC-004         | 2024-04-02 12:30:00 | Создание модели угроз
 Сотрудник_В   | DOC-005         | 2024-05-02 08:45:00 | Создание приказа
 Сотрудник_Д   | DOC-006         | 2024-06-02 16:10:00 | Согласование документа
 Сотрудник_Г   | DOC-007         | 2024-07-02 17:00:00 | Правовая экспертиза
 Сотрудник_Д   | DOC-008         | 2024-08-02 10:40:00 | Создание финансовой справки
(10 rows)

=== Роли лабораторной работы ===
      rolname      | rolcanlogin | rolsuper 
-------------------+-------------+----------
 document_employee | f           | f
 Сотрудник_А       | t           | f
 Сотрудник_Б       | t           | f
 Сотрудник_В       | t           | f
 Сотрудник_Г       | t           | f
 Сотрудник_Д       | t           | f
(6 rows)

=== Политики RLS ===
 schemaname |      tablename      |        policyname        |        roles        |  cmd   |                                                        qual                                                        |              with_check               
------------+---------------------+--------------------------+---------------------+--------+--------------------------------------------------------------------------------------------------------------------+---------------------------------------
 public     | document_operations | operations_select_policy | {document_employee} | SELECT | ((employee_name = CURRENT_USER) OR (EXISTS ( SELECT 1                                                             +| 
            |                     |                          |                     |        |    FROM documents d                                                                                               +| 
            |                     |                          |                     |        |   WHERE ((d.document_number = document_operations.document_number) AND (d.responsible_employee = CURRENT_USER))))) | 
 public     | document_operations | operations_update_policy | {document_employee} | UPDATE | (employee_name = CURRENT_USER)                                                                                     | (employee_name = CURRENT_USER)
 public     | documents           | documents_select_policy  | {document_employee} | SELECT | ((secrecy_level IS NULL) OR (responsible_employee = CURRENT_USER))                                                 | 
 public     | documents           | documents_update_policy  | {document_employee} | UPDATE | (responsible_employee = CURRENT_USER)                                                                              | (responsible_employee = CURRENT_USER)
(4 rows)

