Pager usage is off.
=== Текущий пользователь ===
 current_user 
--------------
 Сотрудник_А
(1 row)

 document_number |   document_type    | responsible_employee | secrecy_level 
-----------------+--------------------+----------------------+---------------
 DOC-001         | Регламент          | Сотрудник_А          | 
 DOC-002         | План реагирования  | Сотрудник_А          | секретно
 DOC-003         | Инструкция         | Сотрудник_Б          | 
 DOC-005         | Приказ             | Сотрудник_В          | 
 DOC-008         | Финансовая справка | Сотрудник_Д          | 
(5 rows)

 employee_name | document_number |     change_date     |          operation_description          
---------------+-----------------+---------------------+-----------------------------------------
 Сотрудник_А   | DOC-001         | 2024-01-11 10:00:00 | Создание документа
 Сотрудник_Б   | DOC-001         | 2024-01-12 11:30:00 | Проверка документа
 Сотрудник_А   | DOC-002         | 2024-02-02 09:15:00 | Создание секретного документа
 Сотрудник_В   | DOC-002         | 2024-02-03 14:20:00 | Регистрация входящей операции, уточнено
(4 rows)

